1.CI / Unit Tests (push) Successful in 37s-ecgtiyj
2.Security Scan / CodeQL Analysis (push) Successful in 1m-успешно
3.Security Scan / npm audit (push) Failing after 12s-Run npm audit --audit-level=moderate
# npm audit report

esbuild  <=0.24.2
Severity: moderate
esbuild enables any website to send any requests to the development server and read the response - https://github.com/advisories/GHSA-67mh-4wv8-2f99
fix available via `npm audit fix`
node_modules/esbuild
  @vercel/node  >=2.3.1
  Depends on vulnerable versions of esbuild
  Depends on vulnerable versions of path-to-regexp
  node_modules/@vercel/node

path-to-regexp  4.0.0 - 6.2.2
Severity: high
path-to-regexp outputs backtracking regular expressions - https://github.com/advisories/GHSA-9wv6-86v2-598j
fix available via `npm audit fix`
node_modules/path-to-regexp

3 vulnerabilities (1 moderate, 2 high)

To address all issues, run:
  npm audit fix
Error: Process completed with exit code 1.


4.Vercel – airbro-mrqs - Deployment has failed-16:24:19.368 Running build in Washington, D.C., USA (East) – iad1
16:24:19.369 Build machine configuration: 2 cores, 8 GB
16:24:20.084 Cloning github.com/Sskutushev/AIRBRO (Branch: main, Commit: 622c05f)
16:24:21.394 Cloning completed: 1.310s
16:24:21.534 Restored build cache from previous deployment (AmGiNTJYaWhJnaTK5NyXkfpMd8Ln)
16:24:22.285 Running "vercel build"
16:24:22.672 Vercel CLI 48.9.0
16:24:23.424 Installing dependencies...
16:24:26.416 npm warn deprecated sourcemap-codec@1.4.8: Please use @jridgewell/sourcemap-codec instead
16:24:27.799 npm warn deprecated source-map@0.8.0-beta.0: The work that was done in this beta branch won't be included in future versions
16:24:28.430 npm warn deprecated glob@7.2.3: Glob versions prior to v9 are no longer supported
16:24:32.510 
16:24:32.511 > airbro-business-landing@1.0.0 prepare
16:24:32.511 > husky install
16:24:32.511 
16:24:32.557 husky - install command is DEPRECATED
16:24:32.586 
16:24:32.586 added 498 packages, removed 71 packages, and changed 62 packages in 9s
16:24:32.587 
16:24:32.587 216 packages are looking for funding
16:24:32.587   run `npm fund` for details
16:24:32.626 Running "npm run build"
16:24:32.733 
16:24:32.733 > airbro-business-landing@1.0.0 build
16:24:32.733 > npm run optimize:images && tsc -b && vite build
16:24:32.733 
16:24:32.844 
16:24:32.844 > airbro-business-landing@1.0.0 optimize:images
16:24:32.844 > node scripts/optimize-images.js
16:24:32.844 
16:24:32.930 Starting image optimization...
16:25:22.949 
16:25:22.950 Image optimization complete!
16:25:22.950 Processed 23 images.
16:25:22.950 Total original size: 6.99 MB
16:25:22.951 Total optimized size: 4.58 MB
16:25:22.951 Total size saved: 2.41 MB
16:25:29.566 src/components/__tests__/ErrorBoundary.test.tsx(9,10): error TS2724: '"../../lib/monitoring/sentry"' has no exported member named 'mockLogError'. Did you mean 'logError'?
16:25:29.566 src/components/__tests__/ErrorBoundary.test.tsx(19,1): error TS2593: Cannot find name 'describe'. Do you need to install type definitions for a test runner? Try `npm i --save-dev @types/jest` or `npm i --save-dev @types/mocha` and then add 'jest' or 'mocha' to the types field in your tsconfig.
16:25:29.566 src/components/__tests__/ErrorBoundary.test.tsx(40,5): error TS2322: Type 'Location' is not assignable to type 'string & Location'.
16:25:29.567   Type 'Location' is not assignable to type 'string'.
16:25:29.567 src/components/__tests__/ErrorBoundary.test.tsx(44,3): error TS2593: Cannot find name 'it'. Do you need to install type definitions for a test runner? Try `npm i --save-dev @types/jest` or `npm i --save-dev @types/mocha` and then add 'jest' or 'mocha' to the types field in your tsconfig.
16:25:29.567 src/components/__tests__/ErrorBoundary.test.tsx(54,3): error TS2593: Cannot find name 'it'. Do you need to install type definitions for a test runner? Try `npm i --save-dev @types/jest` or `npm i --save-dev @types/mocha` and then add 'jest' or 'mocha' to the types field in your tsconfig.
16:25:29.567 src/components/__tests__/ErrorBoundary.test.tsx(65,3): error TS2593: Cannot find name 'it'. Do you need to install type definitions for a test runner? Try `npm i --save-dev @types/jest` or `npm i --save-dev @types/mocha` and then add 'jest' or 'mocha' to the types field in your tsconfig.
16:25:29.568 src/components/__tests__/ErrorBoundary.test.tsx(80,3): error TS2593: Cannot find name 'it'. Do you need to install type definitions for a test runner? Try `npm i --save-dev @types/jest` or `npm i --save-dev @types/mocha` and then add 'jest' or 'mocha' to the types field in your tsconfig.
16:25:29.568 src/components/__tests__/ErrorBoundary.test.tsx(92,3): error TS2593: Cannot find name 'it'. Do you need to install type definitions for a test runner? Try `npm i --save-dev @types/jest` or `npm i --save-dev @types/mocha` and then add 'jest' or 'mocha' to the types field in your tsconfig.
16:25:29.570 src/components/__tests__/ErrorBoundary.test.tsx(103,3): error TS2593: Cannot find name 'it'. Do you need to install type definitions for a test runner? Try `npm i --save-dev @types/jest` or `npm i --save-dev @types/mocha` and then add 'jest' or 'mocha' to the types field in your tsconfig.
16:25:29.571 src/components/common/__tests__/Button.test.tsx(5,1): error TS2593: Cannot find name 'describe'. Do you need to install type definitions for a test runner? Try `npm i --save-dev @types/jest` or `npm i --save-dev @types/mocha` and then add 'jest' or 'mocha' to the types field in your tsconfig.
16:25:29.571 src/components/common/__tests__/Button.test.tsx(7,3): error TS2593: Cannot find name 'test'. Do you need to install type definitions for a test runner? Try `npm i --save-dev @types/jest` or `npm i --save-dev @types/mocha` and then add 'jest' or 'mocha' to the types field in your tsconfig.
16:25:29.571 src/components/common/__tests__/Button.test.tsx(9,5): error TS2304: Cannot find name 'expect'.
16:25:29.571 src/components/common/__tests__/Button.test.tsx(13,3): error TS2593: Cannot find name 'test'. Do you need to install type definitions for a test runner? Try `npm i --save-dev @types/jest` or `npm i --save-dev @types/mocha` and then add 'jest' or 'mocha' to the types field in your tsconfig.
16:25:29.571 src/components/common/__tests__/Button.test.tsx(14,25): error TS2304: Cannot find name 'vi'.
16:25:29.572 src/components/common/__tests__/Button.test.tsx(18,5): error TS2304: Cannot find name 'expect'.
16:25:29.572 src/components/common/__tests__/Button.test.tsx(22,3): error TS2593: Cannot find name 'test'. Do you need to install type definitions for a test runner? Try `npm i --save-dev @types/jest` or `npm i --save-dev @types/mocha` and then add 'jest' or 'mocha' to the types field in your tsconfig.
16:25:29.572 src/components/common/__tests__/Button.test.tsx(26,5): error TS2304: Cannot find name 'expect'.
16:25:29.572 src/components/common/__tests__/Button.test.tsx(30,3): error TS2593: Cannot find name 'test'. Do you need to install type definitions for a test runner? Try `npm i --save-dev @types/jest` or `npm i --save-dev @types/mocha` and then add 'jest' or 'mocha' to the types field in your tsconfig.
16:25:29.572 src/components/common/__tests__/Button.test.tsx(34,5): error TS2304: Cannot find name 'expect'.
16:25:29.572 src/components/common/__tests__/Button.test.tsx(35,5): error TS2304: Cannot find name 'expect'.
16:25:29.574 src/components/common/__tests__/Button.test.tsx(39,3): error TS2593: Cannot find name 'test'. Do you need to install type definitions for a test runner? Try `npm i --save-dev @types/jest` or `npm i --save-dev @types/mocha` and then add 'jest' or 'mocha' to the types field in your tsconfig.
16:25:29.574 src/components/common/__tests__/Button.test.tsx(43,5): error TS2304: Cannot find name 'expect'.
16:25:29.575 src/components/common/__tests__/Button.test.tsx(47,5): error TS2304: Cannot find name 'expect'.
16:25:29.575 src/components/common/__tests__/Button.test.tsx(51,3): error TS2593: Cannot find name 'test'. Do you need to install type definitions for a test runner? Try `npm i --save-dev @types/jest` or `npm i --save-dev @types/mocha` and then add 'jest' or 'mocha' to the types field in your tsconfig.
16:25:29.575 src/components/common/__tests__/Button.test.tsx(55,5): error TS2304: Cannot find name 'expect'.
16:25:29.575 src/components/common/__tests__/Button.test.tsx(59,5): error TS2304: Cannot find name 'expect'.
16:25:29.575 src/components/common/__tests__/Button.test.tsx(63,3): error TS2593: Cannot find name 'test'. Do you need to install type definitions for a test runner? Try `npm i --save-dev @types/jest` or `npm i --save-dev @types/mocha` and then add 'jest' or 'mocha' to the types field in your tsconfig.
16:25:29.576 src/components/common/__tests__/Button.test.tsx(66,5): error TS2304: Cannot find name 'expect'.
16:25:29.576 src/components/common/__tests__/Button.test.tsx(69,3): error TS2593: Cannot find name 'test'. Do you need to install type definitions for a test runner? Try `npm i --save-dev @types/jest` or `npm i --save-dev @types/mocha` and then add 'jest' or 'mocha' to the types field in your tsconfig.
16:25:29.576 src/components/common/__tests__/Button.test.tsx(72,5): error TS2304: Cannot find name 'expect'.
16:25:29.576 src/components/common/__tests__/Button.test.tsx(76,3): error TS2593: Cannot find name 'test'. Do you need to install type definitions for a test runner? Try `npm i --save-dev @types/jest` or `npm i --save-dev @types/mocha` and then add 'jest' or 'mocha' to the types field in your tsconfig.
16:25:29.576 src/components/common/__tests__/Button.test.tsx(80,5): error TS2304: Cannot find name 'expect'.
16:25:29.576 src/components/common/__tests__/Button.test.tsx(84,3): error TS2593: Cannot find name 'test'. Do you need to install type definitions for a test runner? Try `npm i --save-dev @types/jest` or `npm i --save-dev @types/mocha` and then add 'jest' or 'mocha' to the types field in your tsconfig.
16:25:29.577 src/components/common/__tests__/Button.test.tsx(85,25): error TS2304: Cannot find name 'vi'.
16:25:29.577 src/components/common/__tests__/Button.test.tsx(92,5): error TS2304: Cannot find name 'expect'.
16:25:29.577 src/components/common/__tests__/Button.test.tsx(95,3): error TS2593: Cannot find name 'test'. Do you need to install type definitions for a test runner? Try `npm i --save-dev @types/jest` or `npm i --save-dev @types/mocha` and then add 'jest' or 'mocha' to the types field in your tsconfig.
16:25:29.577 src/components/common/__tests__/Button.test.tsx(96,25): error TS2304: Cannot find name 'vi'.
16:25:29.577 src/components/common/__tests__/Button.test.tsx(104,5): error TS2304: Cannot find name 'expect'.
16:25:29.578 src/components/common/__tests__/OptimizedImage.test.tsx(6,1): error TS6133: 'React' is declared but its value is never read.
16:25:29.578 src/components/common/__tests__/OptimizedImage.test.tsx(25,1): error TS2593: Cannot find name 'describe'. Do you need to install type definitions for a test runner? Try `npm i --save-dev @types/jest` or `npm i --save-dev @types/mocha` and then add 'jest' or 'mocha' to the types field in your tsconfig.
16:25:29.578 src/components/common/__tests__/OptimizedImage.test.tsx(38,3): error TS2593: Cannot find name 'it'. Do you need to install type definitions for a test runner? Try `npm i --save-dev @types/jest` or `npm i --save-dev @types/mocha` and then add 'jest' or 'mocha' to the types field in your tsconfig.
16:25:29.578 src/components/common/__tests__/OptimizedImage.test.tsx(39,48): error TS2322: Type '{ src: string; alt: string; widths: number[]; }' is not assignable to type 'IntrinsicAttributes & OptimizedImageProps'.
16:25:29.578   Property 'widths' does not exist on type 'IntrinsicAttributes & OptimizedImageProps'. Did you mean 'width'?
16:25:29.579 src/components/common/__tests__/OptimizedImage.test.tsx(62,3): error TS2593: Cannot find name 'it'. Do you need to install type definitions for a test runner? Try `npm i --save-dev @types/jest` or `npm i --save-dev @types/mocha` and then add 'jest' or 'mocha' to the types field in your tsconfig.
16:25:29.579 src/components/common/__tests__/OptimizedImage.test.tsx(63,48): error TS2322: Type '{ src: string; alt: string; widths: number[]; }' is not assignable to type 'IntrinsicAttributes & OptimizedImageProps'.
16:25:29.582   Property 'widths' does not exist on type 'IntrinsicAttributes & OptimizedImageProps'. Did you mean 'width'?
16:25:29.582 src/components/common/__tests__/OptimizedImage.test.tsx(73,3): error TS2593: Cannot find name 'it'. Do you need to install type definitions for a test runner? Try `npm i --save-dev @types/jest` or `npm i --save-dev @types/mocha` and then add 'jest' or 'mocha' to the types field in your tsconfig.
16:25:29.582 src/components/common/__tests__/OptimizedImage.test.tsx(75,48): error TS2322: Type '{ src: string; alt: string; widths: number[]; sizes: string; }' is not assignable to type 'IntrinsicAttributes & OptimizedImageProps'.
16:25:29.583   Property 'widths' does not exist on type 'IntrinsicAttributes & OptimizedImageProps'. Did you mean 'width'?
16:25:29.583 src/components/common/__tests__/OptimizedImage.test.tsx(79,3): error TS2593: Cannot find name 'it'. Do you need to install type definitions for a test runner? Try `npm i --save-dev @types/jest` or `npm i --save-dev @types/mocha` and then add 'jest' or 'mocha' to the types field in your tsconfig.
16:25:29.583 src/components/common/__tests__/OptimizedImage.test.tsx(80,48): error TS2322: Type '{ src: string; alt: string; widths: number[]; priority: true; }' is not assignable to type 'IntrinsicAttributes & OptimizedImageProps'.
16:25:29.583   Property 'widths' does not exist on type 'IntrinsicAttributes & OptimizedImageProps'. Did you mean 'width'?
16:25:29.583 src/components/common/__tests__/OptimizedImage.test.tsx(84,3): error TS2593: Cannot find name 'it'. Do you need to install type definitions for a test runner? Try `npm i --save-dev @types/jest` or `npm i --save-dev @types/mocha` and then add 'jest' or 'mocha' to the types field in your tsconfig.
16:25:29.583 src/components/common/__tests__/OptimizedImage.test.tsx(85,48): error TS2322: Type '{ src: string; alt: string; widths: number[]; }' is not assignable to type 'IntrinsicAttributes & OptimizedImageProps'.
16:25:29.583   Property 'widths' does not exist on type 'IntrinsicAttributes & OptimizedImageProps'. Did you mean 'width'?
16:25:29.584 src/components/common/__tests__/OptimizedImage.test.tsx(89,3): error TS2593: Cannot find name 'it'. Do you need to install type definitions for a test runner? Try `npm i --save-dev @types/jest` or `npm i --save-dev @types/mocha` and then add 'jest' or 'mocha' to the types field in your tsconfig.
16:25:29.584 src/components/common/__tests__/OptimizedImage.test.tsx(90,48): error TS2322: Type '{ src: string; alt: string; widths: number[]; }' is not assignable to type 'IntrinsicAttributes & OptimizedImageProps'.
16:25:29.584   Property 'widths' does not exist on type 'IntrinsicAttributes & OptimizedImageProps'. Did you mean 'width'?
16:25:29.584 src/components/common/__tests__/OptimizedImage.test.tsx(100,3): error TS2593: Cannot find name 'it'. Do you need to install type definitions for a test runner? Try `npm i --save-dev @types/jest` or `npm i --save-dev @types/mocha` and then add 'jest' or 'mocha' to the types field in your tsconfig.
16:25:29.584 src/components/common/__tests__/OptimizedImage.test.tsx(101,48): error TS2322: Type '{ src: string; alt: string; widths: number[]; }' is not assignable to type 'IntrinsicAttributes & OptimizedImageProps'.
16:25:29.585   Property 'widths' does not exist on type 'IntrinsicAttributes & OptimizedImageProps'. Did you mean 'width'?
16:25:29.585 src/components/common/__tests__/OptimizedImage.test.tsx(113,3): error TS2593: Cannot find name 'it'. Do you need to install type definitions for a test runner? Try `npm i --save-dev @types/jest` or `npm i --save-dev @types/mocha` and then add 'jest' or 'mocha' to the types field in your tsconfig.
16:25:29.585 src/components/common/__tests__/OptimizedImage.test.tsx(114,48): error TS2322: Type '{ src: string; alt: string; widths: number[]; width: number; height: number; }' is not assignable to type 'IntrinsicAttributes & OptimizedImageProps'.
16:25:29.585   Property 'widths' does not exist on type 'IntrinsicAttributes & OptimizedImageProps'. Did you mean 'width'?
16:25:29.585 src/components/common/__tests__/OptimizedImage.test.tsx(119,3): error TS2593: Cannot find name 'it'. Do you need to install type definitions for a test runner? Try `npm i --save-dev @types/jest` or `npm i --save-dev @types/mocha` and then add 'jest' or 'mocha' to the types field in your tsconfig.
16:25:29.585 src/components/common/__tests__/OptimizedImage.test.tsx(120,48): error TS2322: Type '{ src: string; alt: string; widths: number[]; className: string; }' is not assignable to type 'IntrinsicAttributes & OptimizedImageProps'.
16:25:29.586   Property 'widths' does not exist on type 'IntrinsicAttributes & OptimizedImageProps'. Did you mean 'width'?
16:25:29.586 src/components/common/__tests__/SafeHTML.test.tsx(4,1): error TS2593: Cannot find name 'describe'. Do you need to install type definitions for a test runner? Try `npm i --save-dev @types/jest` or `npm i --save-dev @types/mocha` and then add 'jest' or 'mocha' to the types field in your tsconfig.
16:25:29.586 src/components/common/__tests__/SafeHTML.test.tsx(6,3): error TS2593: Cannot find name 'test'. Do you need to install type definitions for a test runner? Try `npm i --save-dev @types/jest` or `npm i --save-dev @types/mocha` and then add 'jest' or 'mocha' to the types field in your tsconfig.
16:25:29.586 src/components/common/__tests__/SafeHTML.test.tsx(10,5): error TS2304: Cannot find name 'expect'.
16:25:29.586 src/components/common/__tests__/SafeHTML.test.tsx(14,3): error TS2593: Cannot find name 'test'. Do you need to install type definitions for a test runner? Try `npm i --save-dev @types/jest` or `npm i --save-dev @types/mocha` and then add 'jest' or 'mocha' to the types field in your tsconfig.
16:25:29.586 src/components/common/__tests__/SafeHTML.test.tsx(18,5): error TS2304: Cannot find name 'expect'.
16:25:29.587 src/components/common/__tests__/SafeHTML.test.tsx(19,5): error TS2304: Cannot find name 'expect'.
16:25:29.587 src/components/common/__tests__/SafeHTML.test.tsx(23,3): error TS2593: Cannot find name 'test'. Do you need to install type definitions for a test runner? Try `npm i --save-dev @types/jest` or `npm i --save-dev @types/mocha` and then add 'jest' or 'mocha' to the types field in your tsconfig.
16:25:29.587 src/components/common/__tests__/SafeHTML.test.tsx(27,5): error TS2304: Cannot find name 'expect'.
16:25:29.587 src/components/common/__tests__/SafeHTML.test.tsx(28,5): error TS2304: Cannot find name 'expect'.
16:25:29.587 src/components/common/__tests__/SafeHTML.test.tsx(32,3): error TS2593: Cannot find name 'test'. Do you need to install type definitions for a test runner? Try `npm i --save-dev @types/jest` or `npm i --save-dev @types/mocha` and then add 'jest' or 'mocha' to the types field in your tsconfig.
16:25:29.588 src/components/common/__tests__/SafeHTML.test.tsx(37,5): error TS2304: Cannot find name 'expect'.
16:25:29.588 src/components/common/__tests__/SafeHTML.test.tsx(42,3): error TS2593: Cannot find name 'test'. Do you need to install type definitions for a test runner? Try `npm i --save-dev @types/jest` or `npm i --save-dev @types/mocha` and then add 'jest' or 'mocha' to the types field in your tsconfig.
16:25:29.588 src/components/common/__tests__/SafeHTML.test.tsx(46,5): error TS2304: Cannot find name 'expect'.
16:25:29.588 src/components/common/__tests__/SafeHTML.test.tsx(47,5): error TS2304: Cannot find name 'expect'.
16:25:29.588 src/components/common/__tests__/SafeHTML.test.tsx(48,5): error TS2304: Cannot find name 'expect'.
16:25:29.588 src/components/common/__tests__/SafeHTML.test.tsx(52,3): error TS2593: Cannot find name 'test'. Do you need to install type definitions for a test runner? Try `npm i --save-dev @types/jest` or `npm i --save-dev @types/mocha` and then add 'jest' or 'mocha' to the types field in your tsconfig.
16:25:29.589 src/components/common/__tests__/SafeHTML.test.tsx(58,5): error TS2304: Cannot find name 'expect'.
16:25:29.589 src/components/common/__tests__/SafeHTML.test.tsx(62,3): error TS2593: Cannot find name 'test'. Do you need to install type definitions for a test runner? Try `npm i --save-dev @types/jest` or `npm i --save-dev @types/mocha` and then add 'jest' or 'mocha' to the types field in your tsconfig.
16:25:29.590 src/components/common/__tests__/SafeHTML.test.tsx(67,5): error TS2304: Cannot find name 'expect'.
16:25:29.591 src/components/common/__tests__/SafeHTML.test.tsx(68,5): error TS2304: Cannot find name 'expect'.
16:25:29.591 src/components/common/__tests__/SafeHTML.test.tsx(72,3): error TS2593: Cannot find name 'test'. Do you need to install type definitions for a test runner? Try `npm i --save-dev @types/jest` or `npm i --save-dev @types/mocha` and then add 'jest' or 'mocha' to the types field in your tsconfig.
16:25:29.591 src/components/common/__tests__/SafeHTML.test.tsx(76,5): error TS2304: Cannot find name 'expect'.
16:25:29.601 src/components/common/__tests__/SafeHTML.test.tsx(77,5): error TS2304: Cannot find name 'expect'.
16:25:29.601 src/components/common/__tests__/SafeHTML.test.tsx(80,3): error TS2593: Cannot find name 'test'. Do you need to install type definitions for a test runner? Try `npm i --save-dev @types/jest` or `npm i --save-dev @types/mocha` and then add 'jest' or 'mocha' to the types field in your tsconfig.
16:25:29.601 src/components/common/__tests__/SafeHTML.test.tsx(85,5): error TS2304: Cannot find name 'expect'.
16:25:29.601 src/components/common/__tests__/Skeleton.test.tsx(6,1): error TS6133: 'React' is declared but its value is never read.
16:25:29.614 src/hooks/__tests__/useDebounce.test.ts(15,3): error TS2304: Cannot find name 'afterEach'.
16:25:29.623 src/hooks/__tests__/useLocalStorage.test.ts(41,21): error TS2503: Cannot find namespace 'vi'.
16:25:29.623 src/hooks/__tests__/useLocalStorage.test.ts(59,21): error TS2503: Cannot find namespace 'vi'.
16:25:29.623 src/hooks/__tests__/useLocalStorage.test.ts(77,21): error TS2503: Cannot find namespace 'vi'.
16:25:29.623 src/hooks/__tests__/useLocalStorage.test.ts(94,25): error TS2345: Argument of type '{ b: number; }' is not assignable to parameter of type '{ a: number; } | ((val: { a: number; }) => { a: number; })'.
16:25:29.623 src/lib/__tests__/toast.test.tsx(6,1): error TS6133: 'React' is declared but its value is never read.
16:25:29.623 src/lib/__tests__/toast.test.tsx(7,10): error TS6133: 'render' is declared but its value is never read.
16:25:29.623 src/lib/__tests__/toast.test.tsx(7,18): error TS6133: 'screen' is declared but its value is never read.
16:25:29.623 src/lib/__tests__/toast.test.tsx(7,26): error TS6133: 'waitFor' is declared but its value is never read.
16:25:29.623 src/lib/__tests__/toast.test.tsx(9,48): error TS6133: 'afterEach' is declared but its value is never read.
16:25:29.623 src/lib/utils/__tests__/storage.test.ts(17,7): error TS6133: 'getItemSpy' is declared but its value is never read.
16:25:29.623 src/lib/utils/__tests__/storage.test.ts(19,7): error TS6133: 'clearSpy' is declared but its value is never read.
16:25:29.623 src/lib/utils/__tests__/storage.test.ts(124,28): error TS2304: Cannot find name 'global'.
16:25:29.623 src/lib/utils/__tests__/storage.test.ts(126,27): error TS2304: Cannot find name 'global'.
16:25:29.623 src/lib/utils/__tests__/storage.test.ts(134,5): error TS2304: Cannot find name 'global'.
16:25:29.623 src/lib/utils/__tests__/storage.test.ts(139,28): error TS2304: Cannot find name 'global'.
16:25:29.623 src/lib/utils/__tests__/storage.test.ts(140,27): error TS2304: Cannot find name 'global'.
16:25:29.623 src/lib/utils/__tests__/storage.test.ts(149,5): error TS2304: Cannot find name 'global'.
16:25:29.623 src/lib/validation/__tests__/auth.test.ts(51,14): error TS18046: 'error' is of type 'unknown'.
16:25:29.623 src/lib/validation/__tests__/auth.test.ts(66,14): error TS18046: 'error' is of type 'unknown'.
16:25:29.624 src/pages/__tests__/AccountPage.test.tsx(7,37): error TS6133: 'waitFor' is declared but its value is never read.
16:25:29.624 src/pages/__tests__/AccountPage.test.tsx(10,1): error TS6133: 'QueryClientProvider' is declared but its value is never read.
16:25:29.624 src/pages/__tests__/AccountPage.test.tsx(11,1): error TS6133: 'queryClient' is declared but its value is never read.
16:25:29.624 src/pages/__tests__/AccountPage.test.tsx(44,17): error TS2503: Cannot find namespace 'vi'.
16:25:29.624 src/pages/__tests__/AccountPage.test.tsx(53,17): error TS2503: Cannot find namespace 'vi'.
16:25:29.624 src/pages/__tests__/AuthPage.test.tsx(11,1): error TS6133: 'AuthProvider' is declared but its value is never read.
16:25:29.624 src/pages/__tests__/AuthPage.test.tsx(12,1): error TS6133: 'QueryClientProvider' is declared but its value is never read.
16:25:29.624 src/pages/__tests__/AuthPage.test.tsx(13,1): error TS6133: 'queryClient' is declared but its value is never read.
16:25:29.624 src/pages/__tests__/AuthPage.test.tsx(56,18): error TS2503: Cannot find namespace 'vi'.
16:25:29.624 src/pages/__tests__/AuthPage.test.tsx(57,21): error TS2503: Cannot find namespace 'vi'.
16:25:29.624 src/pages/__tests__/AuthPage.test.tsx(58,27): error TS2503: Cannot find namespace 'vi'.
16:25:29.625 src/pages/__tests__/AuthPage.test.tsx(59,25): error TS2503: Cannot find namespace 'vi'.
16:25:29.625 src/pages/__tests__/PaymentPage.test.tsx(12,1): error TS6133: 'QueryClientProvider' is declared but its value is never read.
16:25:29.625 src/pages/__tests__/PaymentPage.test.tsx(13,1): error TS6133: 'queryClient' is declared but its value is never read.
16:25:29.625 src/pages/__tests__/PaymentPage.test.tsx(66,17): error TS2503: Cannot find namespace 'vi'.
16:25:29.625 src/pages/__tests__/PaymentPage.test.tsx(67,25): error TS2503: Cannot find namespace 'vi'.
16:25:29.625 src/pages/__tests__/PaymentPage.test.tsx(71,44): error TS2503: Cannot find namespace 'vi'.
16:25:29.625 src/pages/__tests__/PaymentPage.test.tsx(72,39): error TS2503: Cannot find namespace 'vi'.
16:25:29.626 src/pages/__tests__/PaymentPage.test.tsx(73,46): error TS2503: Cannot find namespace 'vi'.
16:25:29.626 src/pages/__tests__/PaymentPage.test.tsx(82,17): error TS2503: Cannot find namespace 'vi'.
16:25:29.626 src/pages/__tests__/PaymentPage.test.tsx(88,17): error TS2503: Cannot find namespace 'vi'.
16:25:29.626 src/pages/__tests__/PaymentPage.test.tsx(89,25): error TS2503: Cannot find namespace 'vi'.
16:25:29.626 src/pages/__tests__/PaymentPage.test.tsx(105,43): error TS2769: No overload matches this call.
16:25:29.626   Overload 1 of 2, '(id: Matcher, options?: SelectorMatcherOptions | undefined): HTMLElement', gave the following error.
16:25:29.626     Argument of type '(content: string, element: Element | null) => boolean | undefined' is not assignable to parameter of type 'Matcher'.
16:25:29.626       Type '(content: string, element: Element | null) => boolean | undefined' is not assignable to type 'MatcherFunction'.
16:25:29.626         Type 'boolean | undefined' is not assignable to type 'boolean'.
16:25:29.626           Type 'undefined' is not assignable to type 'boolean'.
16:25:29.626   Overload 2 of 2, '(id: Matcher, options?: SelectorMatcherOptions | undefined): HTMLElement', gave the following error.
16:25:29.626     Argument of type '(content: string, element: Element | null) => boolean | undefined' is not assignable to parameter of type 'Matcher'.
16:25:29.626       Type '(content: string, element: Element | null) => boolean | undefined' is not assignable to type 'MatcherFunction'.
16:25:29.629         Type 'boolean | undefined' is not assignable to type 'boolean'.
16:25:29.629           Type 'undefined' is not assignable to type 'boolean'.
16:25:29.629 src/pages/__tests__/PaymentPage.test.tsx(126,46): error TS2503: Cannot find namespace 'vi'.
16:25:29.629 src/pages/__tests__/PaymentPage.test.tsx(130,41): error TS2503: Cannot find namespace 'vi'.
16:25:29.630 src/pages/__tests__/PaymentPage.test.tsx(158,46): error TS2503: Cannot find namespace 'vi'.
16:25:29.630 src/pages/__tests__/PaymentPage.test.tsx(162,41): error TS2503: Cannot find namespace 'vi'.
16:25:29.630 src/pages/__tests__/PaymentPage.test.tsx(187,48): error TS2503: Cannot find namespace 'vi'.
16:25:29.630 src/pages/__tests__/PaymentPage.test.tsx(209,48): error TS2503: Cannot find namespace 'vi'.
16:25:29.630 src/pages/__tests__/PaymentPage.test.tsx(226,44): error TS2503: Cannot find namespace 'vi'.
16:25:29.630 src/pages/__tests__/PaymentPage.test.tsx(230,39): error TS2503: Cannot find namespace 'vi'.
16:25:29.630 src/pages/__tests__/SolutionsPage.test.tsx(82,29): error TS2503: Cannot find namespace 'vi'.
16:25:29.630 src/pages/__tests__/SolutionsPage.test.tsx(85,3): error TS2304: Cannot find name 'afterEach'.
16:25:29.630 src/services/api/__tests__/client.test.ts(2,59): error TS1484: 'Mock' is a type and must be imported using a type-only import when 'verbatimModuleSyntax' is enabled.
16:25:29.630 src/services/api/__tests__/client.test.ts(11,5): error TS2304: Cannot find name 'global'.
16:25:30.340 Error: Command "npm run build" exited with 2


5.Vercel – airbro - Deployment has failed-16:23:05.773 Running build in Washington, D.C., USA (East) – iad1
16:23:05.774 Build machine configuration: 2 cores, 8 GB
16:23:06.107 Cloning github.com/Sskutushev/AIRBRO (Branch: main, Commit: 622c05f)
16:23:07.114 Cloning completed: 1.005s
16:23:07.318 Restored build cache from previous deployment (FiWh3KNtyACTYGxaQksgpsTu21sg)
16:23:07.773 Running "vercel build"
16:23:08.171 Vercel CLI 48.9.0
16:23:08.937 Installing dependencies...
16:23:11.979 npm warn deprecated sourcemap-codec@1.4.8: Please use @jridgewell/sourcemap-codec instead
16:23:13.614 npm warn deprecated source-map@0.8.0-beta.0: The work that was done in this beta branch won't be included in future versions
16:23:14.101 npm warn deprecated glob@7.2.3: Glob versions prior to v9 are no longer supported
16:23:18.294 
16:23:18.294 > airbro-business-landing@1.0.0 prepare
16:23:18.295 > husky install
16:23:18.295 
16:23:18.342 husky - install command is DEPRECATED
16:23:18.371 
16:23:18.371 added 498 packages, removed 71 packages, and changed 62 packages in 9s
16:23:18.371 
16:23:18.372 216 packages are looking for funding
16:23:18.372   run `npm fund` for details
16:23:18.413 Running "npm run build"
16:23:18.520 
16:23:18.523 > airbro-business-landing@1.0.0 build
16:23:18.523 > npm run optimize:images && tsc -b && vite build
16:23:18.523 
16:23:18.633 
16:23:18.634 > airbro-business-landing@1.0.0 optimize:images
16:23:18.634 > node scripts/optimize-images.js
16:23:18.634 
16:23:18.719 Starting image optimization...
16:24:08.920 
16:24:08.921 Image optimization complete!
16:24:08.921 Processed 23 images.
16:24:08.921 Total original size: 6.99 MB
16:24:08.921 Total optimized size: 4.58 MB
16:24:08.922 Total size saved: 2.41 MB
16:24:16.352 src/components/__tests__/ErrorBoundary.test.tsx(9,10): error TS2724: '"../../lib/monitoring/sentry"' has no exported member named 'mockLogError'. Did you mean 'logError'?
16:24:16.353 src/components/__tests__/ErrorBoundary.test.tsx(19,1): error TS2593: Cannot find name 'describe'. Do you need to install type definitions for a test runner? Try `npm i --save-dev @types/jest` or `npm i --save-dev @types/mocha` and then add 'jest' or 'mocha' to the types field in your tsconfig.
16:24:16.353 src/components/__tests__/ErrorBoundary.test.tsx(40,5): error TS2322: Type 'Location' is not assignable to type 'string & Location'.
16:24:16.353   Type 'Location' is not assignable to type 'string'.
16:24:16.354 src/components/__tests__/ErrorBoundary.test.tsx(44,3): error TS2593: Cannot find name 'it'. Do you need to install type definitions for a test runner? Try `npm i --save-dev @types/jest` or `npm i --save-dev @types/mocha` and then add 'jest' or 'mocha' to the types field in your tsconfig.
16:24:16.354 src/components/__tests__/ErrorBoundary.test.tsx(54,3): error TS2593: Cannot find name 'it'. Do you need to install type definitions for a test runner? Try `npm i --save-dev @types/jest` or `npm i --save-dev @types/mocha` and then add 'jest' or 'mocha' to the types field in your tsconfig.
16:24:16.354 src/components/__tests__/ErrorBoundary.test.tsx(65,3): error TS2593: Cannot find name 'it'. Do you need to install type definitions for a test runner? Try `npm i --save-dev @types/jest` or `npm i --save-dev @types/mocha` and then add 'jest' or 'mocha' to the types field in your tsconfig.
16:24:16.354 src/components/__tests__/ErrorBoundary.test.tsx(80,3): error TS2593: Cannot find name 'it'. Do you need to install type definitions for a test runner? Try `npm i --save-dev @types/jest` or `npm i --save-dev @types/mocha` and then add 'jest' or 'mocha' to the types field in your tsconfig.
16:24:16.354 src/components/__tests__/ErrorBoundary.test.tsx(92,3): error TS2593: Cannot find name 'it'. Do you need to install type definitions for a test runner? Try `npm i --save-dev @types/jest` or `npm i --save-dev @types/mocha` and then add 'jest' or 'mocha' to the types field in your tsconfig.
16:24:16.355 src/components/__tests__/ErrorBoundary.test.tsx(103,3): error TS2593: Cannot find name 'it'. Do you need to install type definitions for a test runner? Try `npm i --save-dev @types/jest` or `npm i --save-dev @types/mocha` and then add 'jest' or 'mocha' to the types field in your tsconfig.
16:24:16.355 src/components/common/__tests__/Button.test.tsx(5,1): error TS2593: Cannot find name 'describe'. Do you need to install type definitions for a test runner? Try `npm i --save-dev @types/jest` or `npm i --save-dev @types/mocha` and then add 'jest' or 'mocha' to the types field in your tsconfig.
16:24:16.355 src/components/common/__tests__/Button.test.tsx(7,3): error TS2593: Cannot find name 'test'. Do you need to install type definitions for a test runner? Try `npm i --save-dev @types/jest` or `npm i --save-dev @types/mocha` and then add 'jest' or 'mocha' to the types field in your tsconfig.
16:24:16.355 src/components/common/__tests__/Button.test.tsx(9,5): error TS2304: Cannot find name 'expect'.
16:24:16.357 src/components/common/__tests__/Button.test.tsx(13,3): error TS2593: Cannot find name 'test'. Do you need to install type definitions for a test runner? Try `npm i --save-dev @types/jest` or `npm i --save-dev @types/mocha` and then add 'jest' or 'mocha' to the types field in your tsconfig.
16:24:16.357 src/components/common/__tests__/Button.test.tsx(14,25): error TS2304: Cannot find name 'vi'.
16:24:16.357 src/components/common/__tests__/Button.test.tsx(18,5): error TS2304: Cannot find name 'expect'.
16:24:16.357 src/components/common/__tests__/Button.test.tsx(22,3): error TS2593: Cannot find name 'test'. Do you need to install type definitions for a test runner? Try `npm i --save-dev @types/jest` or `npm i --save-dev @types/mocha` and then add 'jest' or 'mocha' to the types field in your tsconfig.
16:24:16.357 src/components/common/__tests__/Button.test.tsx(26,5): error TS2304: Cannot find name 'expect'.
16:24:16.357 src/components/common/__tests__/Button.test.tsx(30,3): error TS2593: Cannot find name 'test'. Do you need to install type definitions for a test runner? Try `npm i --save-dev @types/jest` or `npm i --save-dev @types/mocha` and then add 'jest' or 'mocha' to the types field in your tsconfig.
16:24:16.358 src/components/common/__tests__/Button.test.tsx(34,5): error TS2304: Cannot find name 'expect'.
16:24:16.358 src/components/common/__tests__/Button.test.tsx(35,5): error TS2304: Cannot find name 'expect'.
16:24:16.358 src/components/common/__tests__/Button.test.tsx(39,3): error TS2593: Cannot find name 'test'. Do you need to install type definitions for a test runner? Try `npm i --save-dev @types/jest` or `npm i --save-dev @types/mocha` and then add 'jest' or 'mocha' to the types field in your tsconfig.
16:24:16.358 src/components/common/__tests__/Button.test.tsx(43,5): error TS2304: Cannot find name 'expect'.
16:24:16.358 src/components/common/__tests__/Button.test.tsx(47,5): error TS2304: Cannot find name 'expect'.
16:24:16.358 src/components/common/__tests__/Button.test.tsx(51,3): error TS2593: Cannot find name 'test'. Do you need to install type definitions for a test runner? Try `npm i --save-dev @types/jest` or `npm i --save-dev @types/mocha` and then add 'jest' or 'mocha' to the types field in your tsconfig.
16:24:16.359 src/components/common/__tests__/Button.test.tsx(55,5): error TS2304: Cannot find name 'expect'.
16:24:16.359 src/components/common/__tests__/Button.test.tsx(59,5): error TS2304: Cannot find name 'expect'.
16:24:16.359 src/components/common/__tests__/Button.test.tsx(63,3): error TS2593: Cannot find name 'test'. Do you need to install type definitions for a test runner? Try `npm i --save-dev @types/jest` or `npm i --save-dev @types/mocha` and then add 'jest' or 'mocha' to the types field in your tsconfig.
16:24:16.361 src/components/common/__tests__/Button.test.tsx(66,5): error TS2304: Cannot find name 'expect'.
16:24:16.361 src/components/common/__tests__/Button.test.tsx(69,3): error TS2593: Cannot find name 'test'. Do you need to install type definitions for a test runner? Try `npm i --save-dev @types/jest` or `npm i --save-dev @types/mocha` and then add 'jest' or 'mocha' to the types field in your tsconfig.
16:24:16.362 src/components/common/__tests__/Button.test.tsx(72,5): error TS2304: Cannot find name 'expect'.
16:24:16.362 src/components/common/__tests__/Button.test.tsx(76,3): error TS2593: Cannot find name 'test'. Do you need to install type definitions for a test runner? Try `npm i --save-dev @types/jest` or `npm i --save-dev @types/mocha` and then add 'jest' or 'mocha' to the types field in your tsconfig.
16:24:16.362 src/components/common/__tests__/Button.test.tsx(80,5): error TS2304: Cannot find name 'expect'.
16:24:16.362 src/components/common/__tests__/Button.test.tsx(84,3): error TS2593: Cannot find name 'test'. Do you need to install type definitions for a test runner? Try `npm i --save-dev @types/jest` or `npm i --save-dev @types/mocha` and then add 'jest' or 'mocha' to the types field in your tsconfig.
16:24:16.362 src/components/common/__tests__/Button.test.tsx(85,25): error TS2304: Cannot find name 'vi'.
16:24:16.362 src/components/common/__tests__/Button.test.tsx(92,5): error TS2304: Cannot find name 'expect'.
16:24:16.363 src/components/common/__tests__/Button.test.tsx(95,3): error TS2593: Cannot find name 'test'. Do you need to install type definitions for a test runner? Try `npm i --save-dev @types/jest` or `npm i --save-dev @types/mocha` and then add 'jest' or 'mocha' to the types field in your tsconfig.
16:24:16.363 src/components/common/__tests__/Button.test.tsx(96,25): error TS2304: Cannot find name 'vi'.
16:24:16.363 src/components/common/__tests__/Button.test.tsx(104,5): error TS2304: Cannot find name 'expect'.
16:24:16.363 src/components/common/__tests__/OptimizedImage.test.tsx(6,1): error TS6133: 'React' is declared but its value is never read.
16:24:16.363 src/components/common/__tests__/OptimizedImage.test.tsx(25,1): error TS2593: Cannot find name 'describe'. Do you need to install type definitions for a test runner? Try `npm i --save-dev @types/jest` or `npm i --save-dev @types/mocha` and then add 'jest' or 'mocha' to the types field in your tsconfig.
16:24:16.363 src/components/common/__tests__/OptimizedImage.test.tsx(38,3): error TS2593: Cannot find name 'it'. Do you need to install type definitions for a test runner? Try `npm i --save-dev @types/jest` or `npm i --save-dev @types/mocha` and then add 'jest' or 'mocha' to the types field in your tsconfig.
16:24:16.363 src/components/common/__tests__/OptimizedImage.test.tsx(39,48): error TS2322: Type '{ src: string; alt: string; widths: number[]; }' is not assignable to type 'IntrinsicAttributes & OptimizedImageProps'.
16:24:16.363   Property 'widths' does not exist on type 'IntrinsicAttributes & OptimizedImageProps'. Did you mean 'width'?
16:24:16.363 src/components/common/__tests__/OptimizedImage.test.tsx(62,3): error TS2593: Cannot find name 'it'. Do you need to install type definitions for a test runner? Try `npm i --save-dev @types/jest` or `npm i --save-dev @types/mocha` and then add 'jest' or 'mocha' to the types field in your tsconfig.
16:24:16.363 src/components/common/__tests__/OptimizedImage.test.tsx(63,48): error TS2322: Type '{ src: string; alt: string; widths: number[]; }' is not assignable to type 'IntrinsicAttributes & OptimizedImageProps'.
16:24:16.364   Property 'widths' does not exist on type 'IntrinsicAttributes & OptimizedImageProps'. Did you mean 'width'?
16:24:16.364 src/components/common/__tests__/OptimizedImage.test.tsx(73,3): error TS2593: Cannot find name 'it'. Do you need to install type definitions for a test runner? Try `npm i --save-dev @types/jest` or `npm i --save-dev @types/mocha` and then add 'jest' or 'mocha' to the types field in your tsconfig.
16:24:16.364 src/components/common/__tests__/OptimizedImage.test.tsx(75,48): error TS2322: Type '{ src: string; alt: string; widths: number[]; sizes: string; }' is not assignable to type 'IntrinsicAttributes & OptimizedImageProps'.
16:24:16.364   Property 'widths' does not exist on type 'IntrinsicAttributes & OptimizedImageProps'. Did you mean 'width'?
16:24:16.364 src/components/common/__tests__/OptimizedImage.test.tsx(79,3): error TS2593: Cannot find name 'it'. Do you need to install type definitions for a test runner? Try `npm i --save-dev @types/jest` or `npm i --save-dev @types/mocha` and then add 'jest' or 'mocha' to the types field in your tsconfig.
16:24:16.364 src/components/common/__tests__/OptimizedImage.test.tsx(80,48): error TS2322: Type '{ src: string; alt: string; widths: number[]; priority: true; }' is not assignable to type 'IntrinsicAttributes & OptimizedImageProps'.
16:24:16.364   Property 'widths' does not exist on type 'IntrinsicAttributes & OptimizedImageProps'. Did you mean 'width'?
16:24:16.364 src/components/common/__tests__/OptimizedImage.test.tsx(84,3): error TS2593: Cannot find name 'it'. Do you need to install type definitions for a test runner? Try `npm i --save-dev @types/jest` or `npm i --save-dev @types/mocha` and then add 'jest' or 'mocha' to the types field in your tsconfig.
16:24:16.364 src/components/common/__tests__/OptimizedImage.test.tsx(85,48): error TS2322: Type '{ src: string; alt: string; widths: number[]; }' is not assignable to type 'IntrinsicAttributes & OptimizedImageProps'.
16:24:16.364   Property 'widths' does not exist on type 'IntrinsicAttributes & OptimizedImageProps'. Did you mean 'width'?
16:24:16.364 src/components/common/__tests__/OptimizedImage.test.tsx(89,3): error TS2593: Cannot find name 'it'. Do you need to install type definitions for a test runner? Try `npm i --save-dev @types/jest` or `npm i --save-dev @types/mocha` and then add 'jest' or 'mocha' to the types field in your tsconfig.
16:24:16.364 src/components/common/__tests__/OptimizedImage.test.tsx(90,48): error TS2322: Type '{ src: string; alt: string; widths: number[]; }' is not assignable to type 'IntrinsicAttributes & OptimizedImageProps'.
16:24:16.364   Property 'widths' does not exist on type 'IntrinsicAttributes & OptimizedImageProps'. Did you mean 'width'?
16:24:16.364 src/components/common/__tests__/OptimizedImage.test.tsx(100,3): error TS2593: Cannot find name 'it'. Do you need to install type definitions for a test runner? Try `npm i --save-dev @types/jest` or `npm i --save-dev @types/mocha` and then add 'jest' or 'mocha' to the types field in your tsconfig.
16:24:16.365 src/components/common/__tests__/OptimizedImage.test.tsx(101,48): error TS2322: Type '{ src: string; alt: string; widths: number[]; }' is not assignable to type 'IntrinsicAttributes & OptimizedImageProps'.
16:24:16.365   Property 'widths' does not exist on type 'IntrinsicAttributes & OptimizedImageProps'. Did you mean 'width'?
16:24:16.365 src/components/common/__tests__/OptimizedImage.test.tsx(113,3): error TS2593: Cannot find name 'it'. Do you need to install type definitions for a test runner? Try `npm i --save-dev @types/jest` or `npm i --save-dev @types/mocha` and then add 'jest' or 'mocha' to the types field in your tsconfig.
16:24:16.365 src/components/common/__tests__/OptimizedImage.test.tsx(114,48): error TS2322: Type '{ src: string; alt: string; widths: number[]; width: number; height: number; }' is not assignable to type 'IntrinsicAttributes & OptimizedImageProps'.
16:24:16.365   Property 'widths' does not exist on type 'IntrinsicAttributes & OptimizedImageProps'. Did you mean 'width'?
16:24:16.365 src/components/common/__tests__/OptimizedImage.test.tsx(119,3): error TS2593: Cannot find name 'it'. Do you need to install type definitions for a test runner? Try `npm i --save-dev @types/jest` or `npm i --save-dev @types/mocha` and then add 'jest' or 'mocha' to the types field in your tsconfig.
16:24:16.365 src/components/common/__tests__/OptimizedImage.test.tsx(120,48): error TS2322: Type '{ src: string; alt: string; widths: number[]; className: string; }' is not assignable to type 'IntrinsicAttributes & OptimizedImageProps'.
16:24:16.365   Property 'widths' does not exist on type 'IntrinsicAttributes & OptimizedImageProps'. Did you mean 'width'?
16:24:16.365 src/components/common/__tests__/SafeHTML.test.tsx(4,1): error TS2593: Cannot find name 'describe'. Do you need to install type definitions for a test runner? Try `npm i --save-dev @types/jest` or `npm i --save-dev @types/mocha` and then add 'jest' or 'mocha' to the types field in your tsconfig.
16:24:16.365 src/components/common/__tests__/SafeHTML.test.tsx(6,3): error TS2593: Cannot find name 'test'. Do you need to install type definitions for a test runner? Try `npm i --save-dev @types/jest` or `npm i --save-dev @types/mocha` and then add 'jest' or 'mocha' to the types field in your tsconfig.
16:24:16.367 src/components/common/__tests__/SafeHTML.test.tsx(10,5): error TS2304: Cannot find name 'expect'.
16:24:16.367 src/components/common/__tests__/SafeHTML.test.tsx(14,3): error TS2593: Cannot find name 'test'. Do you need to install type definitions for a test runner? Try `npm i --save-dev @types/jest` or `npm i --save-dev @types/mocha` and then add 'jest' or 'mocha' to the types field in your tsconfig.
16:24:16.367 src/components/common/__tests__/SafeHTML.test.tsx(18,5): error TS2304: Cannot find name 'expect'.
16:24:16.367 src/components/common/__tests__/SafeHTML.test.tsx(19,5): error TS2304: Cannot find name 'expect'.
16:24:16.367 src/components/common/__tests__/SafeHTML.test.tsx(23,3): error TS2593: Cannot find name 'test'. Do you need to install type definitions for a test runner? Try `npm i --save-dev @types/jest` or `npm i --save-dev @types/mocha` and then add 'jest' or 'mocha' to the types field in your tsconfig.
16:24:16.367 src/components/common/__tests__/SafeHTML.test.tsx(27,5): error TS2304: Cannot find name 'expect'.
16:24:16.367 src/components/common/__tests__/SafeHTML.test.tsx(28,5): error TS2304: Cannot find name 'expect'.
16:24:16.367 src/components/common/__tests__/SafeHTML.test.tsx(32,3): error TS2593: Cannot find name 'test'. Do you need to install type definitions for a test runner? Try `npm i --save-dev @types/jest` or `npm i --save-dev @types/mocha` and then add 'jest' or 'mocha' to the types field in your tsconfig.
16:24:16.367 src/components/common/__tests__/SafeHTML.test.tsx(37,5): error TS2304: Cannot find name 'expect'.
16:24:16.367 src/components/common/__tests__/SafeHTML.test.tsx(42,3): error TS2593: Cannot find name 'test'. Do you need to install type definitions for a test runner? Try `npm i --save-dev @types/jest` or `npm i --save-dev @types/mocha` and then add 'jest' or 'mocha' to the types field in your tsconfig.
16:24:16.367 src/components/common/__tests__/SafeHTML.test.tsx(46,5): error TS2304: Cannot find name 'expect'.
16:24:16.367 src/components/common/__tests__/SafeHTML.test.tsx(47,5): error TS2304: Cannot find name 'expect'.
16:24:16.367 src/components/common/__tests__/SafeHTML.test.tsx(48,5): error TS2304: Cannot find name 'expect'.
16:24:16.367 src/components/common/__tests__/SafeHTML.test.tsx(52,3): error TS2593: Cannot find name 'test'. Do you need to install type definitions for a test runner? Try `npm i --save-dev @types/jest` or `npm i --save-dev @types/mocha` and then add 'jest' or 'mocha' to the types field in your tsconfig.
16:24:16.368 src/components/common/__tests__/SafeHTML.test.tsx(58,5): error TS2304: Cannot find name 'expect'.
16:24:16.368 src/components/common/__tests__/SafeHTML.test.tsx(62,3): error TS2593: Cannot find name 'test'. Do you need to install type definitions for a test runner? Try `npm i --save-dev @types/jest` or `npm i --save-dev @types/mocha` and then add 'jest' or 'mocha' to the types field in your tsconfig.
16:24:16.368 src/components/common/__tests__/SafeHTML.test.tsx(67,5): error TS2304: Cannot find name 'expect'.
16:24:16.368 src/components/common/__tests__/SafeHTML.test.tsx(68,5): error TS2304: Cannot find name 'expect'.
16:24:16.368 src/components/common/__tests__/SafeHTML.test.tsx(72,3): error TS2593: Cannot find name 'test'. Do you need to install type definitions for a test runner? Try `npm i --save-dev @types/jest` or `npm i --save-dev @types/mocha` and then add 'jest' or 'mocha' to the types field in your tsconfig.
16:24:16.368 src/components/common/__tests__/SafeHTML.test.tsx(76,5): error TS2304: Cannot find name 'expect'.
16:24:16.368 src/components/common/__tests__/SafeHTML.test.tsx(77,5): error TS2304: Cannot find name 'expect'.
16:24:16.368 src/components/common/__tests__/SafeHTML.test.tsx(80,3): error TS2593: Cannot find name 'test'. Do you need to install type definitions for a test runner? Try `npm i --save-dev @types/jest` or `npm i --save-dev @types/mocha` and then add 'jest' or 'mocha' to the types field in your tsconfig.
16:24:16.368 src/components/common/__tests__/SafeHTML.test.tsx(85,5): error TS2304: Cannot find name 'expect'.
16:24:16.368 src/components/common/__tests__/Skeleton.test.tsx(6,1): error TS6133: 'React' is declared but its value is never read.
16:24:16.368 src/hooks/__tests__/useDebounce.test.ts(15,3): error TS2304: Cannot find name 'afterEach'.
16:24:16.369 src/hooks/__tests__/useLocalStorage.test.ts(41,21): error TS2503: Cannot find namespace 'vi'.
16:24:16.369 src/hooks/__tests__/useLocalStorage.test.ts(59,21): error TS2503: Cannot find namespace 'vi'.
16:24:16.369 src/hooks/__tests__/useLocalStorage.test.ts(77,21): error TS2503: Cannot find namespace 'vi'.
16:24:16.369 src/hooks/__tests__/useLocalStorage.test.ts(94,25): error TS2345: Argument of type '{ b: number; }' is not assignable to parameter of type '{ a: number; } | ((val: { a: number; }) => { a: number; })'.
16:24:16.369 src/lib/__tests__/toast.test.tsx(6,1): error TS6133: 'React' is declared but its value is never read.
16:24:16.369 src/lib/__tests__/toast.test.tsx(7,10): error TS6133: 'render' is declared but its value is never read.
16:24:16.369 src/lib/__tests__/toast.test.tsx(7,18): error TS6133: 'screen' is declared but its value is never read.
16:24:16.369 src/lib/__tests__/toast.test.tsx(7,26): error TS6133: 'waitFor' is declared but its value is never read.
16:24:16.369 src/lib/__tests__/toast.test.tsx(9,48): error TS6133: 'afterEach' is declared but its value is never read.
16:24:16.369 src/lib/utils/__tests__/storage.test.ts(17,7): error TS6133: 'getItemSpy' is declared but its value is never read.
16:24:16.369 src/lib/utils/__tests__/storage.test.ts(19,7): error TS6133: 'clearSpy' is declared but its value is never read.
16:24:16.369 src/lib/utils/__tests__/storage.test.ts(124,28): error TS2304: Cannot find name 'global'.
16:24:16.369 src/lib/utils/__tests__/storage.test.ts(126,27): error TS2304: Cannot find name 'global'.
16:24:16.369 src/lib/utils/__tests__/storage.test.ts(134,5): error TS2304: Cannot find name 'global'.
16:24:16.369 src/lib/utils/__tests__/storage.test.ts(139,28): error TS2304: Cannot find name 'global'.
16:24:16.369 src/lib/utils/__tests__/storage.test.ts(140,27): error TS2304: Cannot find name 'global'.
16:24:16.369 src/lib/utils/__tests__/storage.test.ts(149,5): error TS2304: Cannot find name 'global'.
16:24:16.370 src/lib/validation/__tests__/auth.test.ts(51,14): error TS18046: 'error' is of type 'unknown'.
16:24:16.370 src/lib/validation/__tests__/auth.test.ts(66,14): error TS18046: 'error' is of type 'unknown'.
16:24:16.370 src/pages/__tests__/AccountPage.test.tsx(7,37): error TS6133: 'waitFor' is declared but its value is never read.
16:24:16.370 src/pages/__tests__/AccountPage.test.tsx(10,1): error TS6133: 'QueryClientProvider' is declared but its value is never read.
16:24:16.370 src/pages/__tests__/AccountPage.test.tsx(11,1): error TS6133: 'queryClient' is declared but its value is never read.
16:24:16.370 src/pages/__tests__/AccountPage.test.tsx(44,17): error TS2503: Cannot find namespace 'vi'.
16:24:16.370 src/pages/__tests__/AccountPage.test.tsx(53,17): error TS2503: Cannot find namespace 'vi'.
16:24:16.370 src/pages/__tests__/AuthPage.test.tsx(11,1): error TS6133: 'AuthProvider' is declared but its value is never read.
16:24:16.370 src/pages/__tests__/AuthPage.test.tsx(12,1): error TS6133: 'QueryClientProvider' is declared but its value is never read.
16:24:16.370 src/pages/__tests__/AuthPage.test.tsx(13,1): error TS6133: 'queryClient' is declared but its value is never read.
16:24:16.370 src/pages/__tests__/AuthPage.test.tsx(56,18): error TS2503: Cannot find namespace 'vi'.
16:24:16.370 src/pages/__tests__/AuthPage.test.tsx(57,21): error TS2503: Cannot find namespace 'vi'.
16:24:16.370 src/pages/__tests__/AuthPage.test.tsx(58,27): error TS2503: Cannot find namespace 'vi'.
16:24:16.370 src/pages/__tests__/AuthPage.test.tsx(59,25): error TS2503: Cannot find namespace 'vi'.
16:24:16.371 src/pages/__tests__/PaymentPage.test.tsx(12,1): error TS6133: 'QueryClientProvider' is declared but its value is never read.
16:24:16.371 src/pages/__tests__/PaymentPage.test.tsx(13,1): error TS6133: 'queryClient' is declared but its value is never read.
16:24:16.371 src/pages/__tests__/PaymentPage.test.tsx(66,17): error TS2503: Cannot find namespace 'vi'.
16:24:16.371 src/pages/__tests__/PaymentPage.test.tsx(67,25): error TS2503: Cannot find namespace 'vi'.
16:24:16.371 src/pages/__tests__/PaymentPage.test.tsx(71,44): error TS2503: Cannot find namespace 'vi'.
16:24:16.372 src/pages/__tests__/PaymentPage.test.tsx(72,39): error TS2503: Cannot find namespace 'vi'.
16:24:16.372 src/pages/__tests__/PaymentPage.test.tsx(73,46): error TS2503: Cannot find namespace 'vi'.
16:24:16.372 src/pages/__tests__/PaymentPage.test.tsx(82,17): error TS2503: Cannot find namespace 'vi'.
16:24:16.372 src/pages/__tests__/PaymentPage.test.tsx(88,17): error TS2503: Cannot find namespace 'vi'.
16:24:16.372 src/pages/__tests__/PaymentPage.test.tsx(89,25): error TS2503: Cannot find namespace 'vi'.
16:24:16.372 src/pages/__tests__/PaymentPage.test.tsx(105,43): error TS2769: No overload matches this call.
16:24:16.372   Overload 1 of 2, '(id: Matcher, options?: SelectorMatcherOptions | undefined): HTMLElement', gave the following error.
16:24:16.372     Argument of type '(content: string, element: Element | null) => boolean | undefined' is not assignable to parameter of type 'Matcher'.
16:24:16.372       Type '(content: string, element: Element | null) => boolean | undefined' is not assignable to type 'MatcherFunction'.
16:24:16.372         Type 'boolean | undefined' is not assignable to type 'boolean'.
16:24:16.372           Type 'undefined' is not assignable to type 'boolean'.
16:24:16.373   Overload 2 of 2, '(id: Matcher, options?: SelectorMatcherOptions | undefined): HTMLElement', gave the following error.
16:24:16.373     Argument of type '(content: string, element: Element | null) => boolean | undefined' is not assignable to parameter of type 'Matcher'.
16:24:16.373       Type '(content: string, element: Element | null) => boolean | undefined' is not assignable to type 'MatcherFunction'.
16:24:16.373         Type 'boolean | undefined' is not assignable to type 'boolean'.
16:24:16.373           Type 'undefined' is not assignable to type 'boolean'.
16:24:16.373 src/pages/__tests__/PaymentPage.test.tsx(126,46): error TS2503: Cannot find namespace 'vi'.
16:24:16.373 src/pages/__tests__/PaymentPage.test.tsx(130,41): error TS2503: Cannot find namespace 'vi'.
16:24:16.373 src/pages/__tests__/PaymentPage.test.tsx(158,46): error TS2503: Cannot find namespace 'vi'.
16:24:16.373 src/pages/__tests__/PaymentPage.test.tsx(162,41): error TS2503: Cannot find namespace 'vi'.
16:24:16.373 src/pages/__tests__/PaymentPage.test.tsx(187,48): error TS2503: Cannot find namespace 'vi'.
16:24:16.373 src/pages/__tests__/PaymentPage.test.tsx(209,48): error TS2503: Cannot find namespace 'vi'.
16:24:16.373 src/pages/__tests__/PaymentPage.test.tsx(226,44): error TS2503: Cannot find namespace 'vi'.
16:24:16.373 src/pages/__tests__/PaymentPage.test.tsx(230,39): error TS2503: Cannot find namespace 'vi'.
16:24:16.373 src/pages/__tests__/SolutionsPage.test.tsx(82,29): error TS2503: Cannot find namespace 'vi'.
16:24:16.374 src/pages/__tests__/SolutionsPage.test.tsx(85,3): error TS2304: Cannot find name 'afterEach'.
16:24:16.374 src/services/api/__tests__/client.test.ts(2,59): error TS1484: 'Mock' is a type and must be imported using a type-only import when 'verbatimModuleSyntax' is enabled.
16:24:16.374 src/services/api/__tests__/client.test.ts(11,5): error TS2304: Cannot find name 'global'.
16:24:17.167 Error: Command "npm run build" exited with 2

6.CI / TypeScript Type Check (push) Failing after 21s-Run npx tsc --noEmit
Error: src/config/database.ts(1,30): error TS2307: Cannot find module '@prisma/client' or its corresponding type declarations.
Error: src/config/environment.ts(38,13): error TS2339: Property 'errors' does not exist on type 'ZodError<unknown>'.
Error: src/config/environment.ts(38,29): error TS7006: Parameter 'err' implicitly has an 'any' type.
Error: src/config/jwt.ts(1,17): error TS2307: Cannot find module 'jsonwebtoken' or its corresponding type declarations.
Error: src/config/telegram.ts(1,25): error TS2307: Cannot find module 'node-telegram-bot-api' or its corresponding type declarations.
Error: src/config/telegram.ts(34,30): error TS7006: Parameter 'msg' implicitly has an 'any' type.
Error: src/controllers/authController.ts(1,35): error TS2307: Cannot find module 'express' or its corresponding type declarations.
Error: src/controllers/authController.ts(2,20): error TS2307: Cannot find module 'bcrypt' or its corresponding type declarations.
Error: src/controllers/cartController.ts(1,35): error TS2307: Cannot find module 'express' or its corresponding type declarations.
Error: src/controllers/cartController.ts(24,37): error TS7006: Parameter 'sum' implicitly has an 'any' type.
Error: src/controllers/cartController.ts(24,42): error TS7006: Parameter 'item' implicitly has an 'any' type.
Error: src/controllers/cartController.ts(27,28): error TS7006: Parameter 'item' implicitly has an 'any' type.
Error: src/controllers/paymentController.ts(1,35): error TS2307: Cannot find module 'express' or its corresponding type declarations.
Error: src/controllers/paymentController.ts(29,47): error TS7006: Parameter 'sum' implicitly has an 'any' type.
Error: src/controllers/paymentController.ts(29,52): error TS7006: Parameter 'item' implicitly has an 'any' type.
Error: src/controllers/paymentController.ts(57,40): error TS7006: Parameter 'item' implicitly has an 'any' type.
Error: src/controllers/productController.ts(1,35): error TS2307: Cannot find module 'express' or its corresponding type declarations.
Error: src/controllers/productController.ts(33,41): error TS7006: Parameter 'product' implicitly has an 'any' type.
Error: src/controllers/telegramController.ts(1,35): error TS2307: Cannot find module 'express' or its corresponding type declarations.
Error: src/controllers/userController.ts(1,35): error TS2307: Cannot find module 'express' or its corresponding type declarations.
Error: src/controllers/userController.ts(89,40): error TS7006: Parameter 'sub' implicitly has an 'any' type.
Error: src/controllers/userController.ts(117,30): error TS7006: Parameter 'payment' implicitly has an 'any' type.
Error: src/middleware/auth.ts(1,49): error TS2307: Cannot find module 'express' or its corresponding type declarations.
Error: src/middleware/auth.ts(9,26): error TS2339: Property 'headers' does not exist on type 'AuthenticatedRequest'.
Error: src/middleware/csrf.ts(6,19): error TS2307: Cannot find module 'csurf' or its corresponding type declarations.
Error: src/middleware/csrf.ts(7,49): error TS2307: Cannot find module 'express' or its corresponding type declarations.
Error: src/middleware/validation.ts(1,49): error TS2307: Cannot find module 'express' or its corresponding type declarations.
Error: src/routes/auth.ts(1,24): error TS2307: Cannot find module 'express' or its corresponding type declarations.
Error: src/routes/cart.ts(1,24): error TS2307: Cannot find module 'express' or its corresponding type declarations.
Error: src/routes/payments.ts(1,24): error TS2307: Cannot find module 'express' or its corresponding type declarations.
Error: src/routes/products.ts(1,24): error TS2307: Cannot find module 'express' or its corresponding type declarations.
Error: src/routes/telegram.ts(1,24): error TS2307: Cannot find module 'express' or its corresponding type declarations.
Error: src/routes/user.ts(1,24): error TS2307: Cannot find module 'express' or its corresponding type declarations.
Error: src/server.ts(3,21): error TS2307: Cannot find module 'express' or its corresponding type declarations.
Error: src/server.ts(4,18): error TS2307: Cannot find module 'cors' or its corresponding type declarations.
Error: src/server.ts(5,23): error TS2307: Cannot find module 'express-rate-limit' or its corresponding type declarations.
Error: src/server.ts(6,26): error TS2307: Cannot find module 'cookie-parser' or its corresponding type declarations.
Error: src/server.ts(43,29): error TS7006: Parameter 'req' implicitly has an 'any' type.
Error: src/server.ts(43,34): error TS7006: Parameter 'res' implicitly has an 'any' type.
Error: src/server.ts(54,21): error TS7006: Parameter 'req' implicitly has an 'any' type.
Error: src/server.ts(54,26): error TS7006: Parameter 'res' implicitly has an 'any' type.
Error: src/server.ts(59,20): error TS7006: Parameter 'req' implicitly has an 'any' type.
Error: src/server.ts(59,25): error TS7006: Parameter 'res' implicitly has an 'any' type.
Error: src/services/currencyService.ts(1,19): error TS2307: Cannot find module 'axios' or its corresponding type declarations.
Error: src/utils/crypto.ts(1,20): error TS2307: Cannot find module 'qrcode' or its corresponding type declarations.
Error: src/utils/logger.ts(1,21): error TS2307: Cannot find module 'winston' or its corresponding type declarations.
Error: src/utils/logger.ts(2,29): error TS2307: Cannot find module 'winston-daily-rotate-file' or its corresponding type declarations.
Error: Process completed with exit code 2.

7.Security Scan / Snyk Security Scan (push) Failing after 2s-Current runner version: '2.329.0'
Runner Image Provisioner
Operating System
Runner Image
GITHUB_TOKEN Permissions
Secret source: Actions
Prepare workflow directory
Prepare all required actions
Getting action download info
Error: Unable to resolve action `snyk/actions@v3`, unable to find version `v3`

8.Security Scan / Secret Scanning (push) Failing after 6s-Run trufflesecurity/trufflehog@main
Run ##########################################
Error: BASE and HEAD commits are the same. TruffleHog won't scan anything. Please see documentation (https://github.com/trufflesecurity/trufflehog#octocat-trufflehog-github-action).
Error: Process completed with exit code 1.

9.CI / Lint & Format Check (push) Failing after 27s-Run npm run lint

> airbro-business-landing@1.0.0 lint
> eslint . --ext .ts,.tsx


/home/runner/work/AIRBRO/AIRBRO/backend/getChatId.ts
  0:0  error  Parsing error: "parserOptions.project" has been provided for @typescript-eslint/parser.
The file was not found in any of the provided project(s): backend/getChatId.ts

/home/runner/work/AIRBRO/AIRBRO/backend/prisma/seed.ts
  0:0  error  Parsing error: "parserOptions.project" has been provided for @typescript-eslint/parser.
The file was not found in any of the provided project(s): backend/prisma/seed.ts

/home/runner/work/AIRBRO/AIRBRO/backend/scripts/cleanup-logs.js
  0:0  error  Parsing error: "parserOptions.project" has been provided for @typescript-eslint/parser.
The file was not found in any of the provided project(s): backend/scripts/cleanup-logs.js

/home/runner/work/AIRBRO/AIRBRO/backend/src/config/jwt.ts
Warning:    5:40  warning  Unexpected any. Specify a different type  @typescript-eslint/no-explicit-any
Warning:   11:45  warning  Unexpected any. Specify a different type  @typescript-eslint/no-explicit-any
Warning:   14:12  warning  'error' is defined but never used         @typescript-eslint/no-unused-vars

/home/runner/work/AIRBRO/AIRBRO/backend/src/controllers/authController.ts
Warning:   105:13  warning  'passwordHash' is assigned a value but never used  @typescript-eslint/no-unused-vars
Warning:   119:28  warning  Unexpected any. Specify a different type           @typescript-eslint/no-explicit-any

/home/runner/work/AIRBRO/AIRBRO/backend/src/controllers/cartController.ts
Warning:     7:28  warning  Unexpected any. Specify a different type  @typescript-eslint/no-explicit-any
Warning:    42:28  warning  Unexpected any. Specify a different type  @typescript-eslint/no-explicit-any
Warning:    90:28  warning  Unexpected any. Specify a different type  @typescript-eslint/no-explicit-any
Warning:   118:28  warning  Unexpected any. Specify a different type  @typescript-eslint/no-explicit-any

/home/runner/work/AIRBRO/AIRBRO/backend/src/controllers/paymentController.ts
Warning:     9:28  warning  Unexpected any. Specify a different type                                @typescript-eslint/no-explicit-any
Warning:    85:37  warning  Unexpected any. Specify a different type                                @typescript-eslint/no-explicit-any
Warning:   201:47  warning  'item' is defined but never used. Allowed unused args must match /^_/u  @typescript-eslint/no-unused-vars
Warning:   201:53  warning  Unexpected any. Specify a different type                                @typescript-eslint/no-explicit-any

/home/runner/work/AIRBRO/AIRBRO/backend/src/controllers/productController.ts
Warning:   8:24  warning  Unexpected any. Specify a different type  @typescript-eslint/no-explicit-any

/home/runner/work/AIRBRO/AIRBRO/backend/src/controllers/userController.ts
Warning:     6:28  warning  Unexpected any. Specify a different type  @typescript-eslint/no-explicit-any
Warning:    32:28  warning  Unexpected any. Specify a different type  @typescript-eslint/no-explicit-any
Warning:    73:28  warning  Unexpected any. Specify a different type  @typescript-eslint/no-explicit-any
Warning:   109:28  warning  Unexpected any. Specify a different type  @typescript-eslint/no-explicit-any
Warning:   134:28  warning  Unexpected any. Specify a different type  @typescript-eslint/no-explicit-any

/home/runner/work/AIRBRO/AIRBRO/backend/src/middleware/auth.ts
Warning:   20:12  warning  'error' is defined but never used  @typescript-eslint/no-unused-vars

/home/runner/work/AIRBRO/AIRBRO/backend/src/middleware/validation.ts
Warning:   13:21  warning  Unexpected any. Specify a different type  @typescript-eslint/no-explicit-any
Warning:   14:46  warning  Unexpected any. Specify a different type  @typescript-eslint/no-explicit-any

/home/runner/work/AIRBRO/AIRBRO/backend/src/routes/products.ts
Warning:   3:10  warning  'authenticateToken' is defined but never used  @typescript-eslint/no-unused-vars

/home/runner/work/AIRBRO/AIRBRO/backend/src/server.ts
Warning:   64:15  warning  Unexpected any. Specify a different type  @typescript-eslint/no-explicit-any

/home/runner/work/AIRBRO/AIRBRO/backend/src/utils/crypto.ts
Warning:   7:7  warning  'TON_WALLET' is assigned a value but never used  @typescript-eslint/no-unused-vars

/home/runner/work/AIRBRO/AIRBRO/backend/src/utils/logger.ts
Warning:    58:49  warning  Unexpected any. Specify a different type  @typescript-eslint/no-explicit-any
Warning:    62:51  warning  Unexpected any. Specify a different type  @typescript-eslint/no-explicit-any
Warning:    62:66  warning  Unexpected any. Specify a different type  @typescript-eslint/no-explicit-any
Warning:    73:49  warning  Unexpected any. Specify a different type  @typescript-eslint/no-explicit-any
Warning:    77:50  warning  Unexpected any. Specify a different type  @typescript-eslint/no-explicit-any
Warning:    82:31  warning  Unexpected any. Specify a different type  @typescript-eslint/no-explicit-any
Warning:    82:37  warning  Unexpected any. Specify a different type  @typescript-eslint/no-explicit-any
Warning:   102:20  warning  Unexpected any. Specify a different type  @typescript-eslint/no-explicit-any
Warning:   104:20  warning  Unexpected any. Specify a different type  @typescript-eslint/no-explicit-any
Warning:   106:20  warning  Unexpected any. Specify a different type  @typescript-eslint/no-explicit-any

/home/runner/work/AIRBRO/AIRBRO/backend/src/utils/securityLogger.ts
Warning:   11:28  warning  Unexpected any. Specify a different type  @typescript-eslint/no-explicit-any
Warning:   35:28  warning  Unexpected any. Specify a different type  @typescript-eslint/no-explicit-any

/home/runner/work/AIRBRO/AIRBRO/e2e/example.spec.ts
  0:0  error  Parsing error: "parserOptions.project" has been provided for @typescript-eslint/parser.
The file was not found in any of the provided project(s): e2e/example.spec.ts

/home/runner/work/AIRBRO/AIRBRO/eslint.config.js
  0:0  error  Parsing error: "parserOptions.project" has been provided for @typescript-eslint/parser.
The file was not found in any of the provided project(s): eslint.config.js

/home/runner/work/AIRBRO/AIRBRO/playwright.config.ts
Warning:   2:31  warning  Unexpected any. Specify a different type  @typescript-eslint/no-explicit-any

/home/runner/work/AIRBRO/AIRBRO/postcss.config.js
  0:0  error  Parsing error: "parserOptions.project" has been provided for @typescript-eslint/parser.
The file was not found in any of the provided project(s): postcss.config.js

/home/runner/work/AIRBRO/AIRBRO/scripts/optimize-images.js
  0:0  error  Parsing error: "parserOptions.project" has been provided for @typescript-eslint/parser.
The file was not found in any of the provided project(s): scripts/optimize-images.js

/home/runner/work/AIRBRO/AIRBRO/src/components/__tests__/ErrorBoundary.test.tsx
Warning:   31:23  warning  Unexpected any. Specify a different type  @typescript-eslint/no-explicit-any
Warning:   32:16  warning  Unexpected any. Specify a different type  @typescript-eslint/no-explicit-any

/home/runner/work/AIRBRO/AIRBRO/src/components/common/ModulePopup.tsx
Warning:    33:36  warning  Unexpected any. Specify a different type  @typescript-eslint/no-explicit-any
Warning:   176:45  warning  Unexpected any. Specify a different type  @typescript-eslint/no-explicit-any

/home/runner/work/AIRBRO/AIRBRO/src/components/common/OptimizedImage.tsx
  81:7  warning  Error: Calling setState synchronously within an effect can trigger cascading renders

Effects are intended to synchronize state between React and external systems such as manually updating the DOM, state management libraries, or other platform APIs. In general, the body of an effect should do one or both of the following:
* Update external systems with the latest state from React.
* Subscribe for updates from some external system, calling setState in a callback function when external state changes.

Calling setState synchronously within an effect body causes cascading renders that can hurt performance, and is not recommended. (https://react.dev/learn/you-might-not-need-an-effect).

/home/runner/work/AIRBRO/AIRBRO/src/components/common/OptimizedImage.tsx:81:7
  79 |   useEffect(() => {
  80 |     if (imgRef.current?.complete) {
> 81 |       setLoaded(true);
     |       ^^^^^^^^^ Avoid calling setState() directly within an effect
  82 |     }
  83 |   }, [src]);
  84 |  react-hooks/set-state-in-effect

/home/runner/work/AIRBRO/AIRBRO/src/components/common/PWAPrompt.tsx
  21:5   warning  Error: Calling setState synchronously within an effect can trigger cascading renders

Effects are intended to synchronize state between React and external systems such as manually updating the DOM, state management libraries, or other platform APIs. In general, the body of an effect should do one or both of the following:
* Update external systems with the latest state from React.
* Subscribe for updates from some external system, calling setState in a callback function when external state changes.

Calling setState synchronously within an effect body causes cascading renders that can hurt performance, and is not recommended. (https://react.dev/learn/you-might-not-need-an-effect).

/home/runner/work/AIRBRO/AIRBRO/src/components/common/PWAPrompt.tsx:21:5
  19 |     };
  20 |
> 21 |     setIsIOS(isIos());
     |     ^^^^^^^^ Avoid calling setState() directly within an effect
  22 |
  23 |     // Handle beforeinstallprompt event for non-iOS devices
  24 |     const handleBeforeInstallPrompt = (e: Event) => {  react-hooks/set-state-in-effect
Warning:   45:52  warning  Unexpected any. Specify a different type                                                                                                                                                                                                                                                                                                                                                                                                                                                                                                                                                                                                                                                                                                                                                                                                                                                                                                                                                                                                                      @typescript-eslint/no-explicit-any
Warning:   87:41  warning  Unexpected any. Specify a different type                                                                                                                                                                                                                                                                                                                                                                                                                                                                                                                                                                                                                                                                                                                                                                                                                                                                                                                                                                                                                      @typescript-eslint/no-explicit-any

/home/runner/work/AIRBRO/AIRBRO/src/components/common/VotingModal.tsx
   64:9  warning  Error: Calling setState synchronously within an effect can trigger cascading renders

Effects are intended to synchronize state between React and external systems such as manually updating the DOM, state management libraries, or other platform APIs. In general, the body of an effect should do one or both of the following:
* Update external systems with the latest state from React.
* Subscribe for updates from some external system, calling setState in a callback function when external state changes.

Calling setState synchronously within an effect body causes cascading renders that can hurt performance, and is not recommended. (https://react.dev/learn/you-might-not-need-an-effect).

/home/runner/work/AIRBRO/AIRBRO/src/components/common/VotingModal.tsx:64:9
  62 |       const userHasVoted = localStorage.getItem('featureVote');
  63 |       if (userHasVoted) {
> 64 |         setHasVoted(true);
     |         ^^^^^^^^^^^ Avoid calling setState() directly within an effect
  65 |         setSelectedOption(userHasVoted);
  66 |       }
  67 |  react-hooks/set-state-in-effect
Warning:   113:6  warning  React Hook useEffect has missing dependencies: 'featureOptions' and 'voteResults.length'. Either include them or remove the dependency array                                                                                                                                                                                                                                                                                                                                                                                                                                                                                                                                                                                                                                                                                                                                                                                                                                                                                                                                                 react-hooks/exhaustive-deps

/home/runner/work/AIRBRO/AIRBRO/src/components/forms/FormCheckbox.tsx
Warning:   18:65  warning  Unexpected any. Specify a different type  @typescript-eslint/no-explicit-any

/home/runner/work/AIRBRO/AIRBRO/src/components/forms/FormInput.tsx
Warning:   19:62  warning  Unexpected any. Specify a different type  @typescript-eslint/no-explicit-any
Warning:   52:18  warning  Unexpected any. Specify a different type  @typescript-eslint/no-explicit-any
Warning:   78:20  warning  Unexpected any. Specify a different type  @typescript-eslint/no-explicit-any

/home/runner/work/AIRBRO/AIRBRO/src/components/forms/FormSelect.tsx
Warning:   18:63  warning  Unexpected any. Specify a different type  @typescript-eslint/no-explicit-any

/home/runner/work/AIRBRO/AIRBRO/src/components/forms/FormTextarea.tsx
Warning:   18:65  warning  Unexpected any. Specify a different type  @typescript-eslint/no-explicit-any

/home/runner/work/AIRBRO/AIRBRO/src/components/sections/PricingSection.tsx
Warning:   13:66  warning  Unexpected any. Specify a different type  @typescript-eslint/no-explicit-any

/home/runner/work/AIRBRO/AIRBRO/src/components/sections/ProductsSection.tsx
Warning:   100:84  warning  Unexpected any. Specify a different type  @typescript-eslint/no-explicit-any
Warning:   103:85  warning  Unexpected any. Specify a different type  @typescript-eslint/no-explicit-any

/home/runner/work/AIRBRO/AIRBRO/src/context/AuthContext.tsx
  51:7   warning  Error: Calling setState synchronously within an effect can trigger cascading renders

Effects are intended to synchronize state between React and external systems such as manually updating the DOM, state management libraries, or other platform APIs. In general, the body of an effect should do one or both of the following:
* Update external systems with the latest state from React.
* Subscribe for updates from some external system, calling setState in a callback function when external state changes.

Calling setState synchronously within an effect body causes cascading renders that can hurt performance, and is not recommended. (https://react.dev/learn/you-might-not-need-an-effect).

/home/runner/work/AIRBRO/AIRBRO/src/context/AuthContext.tsx:51:7
  49 |         });
  50 |     } else {
> 51 |       setLoading(false);
     |       ^^^^^^^^^^ Avoid calling setState() directly within an effect
  52 |     }
  53 |   }, []);
  54 |  react-hooks/set-state-in-effect
Warning:   92:14  warning  Fast refresh only works when a file only exports components. Use a new file to share constants or functions between components                                                                                                                                                                                                                                                                                                                                                                                                                                                                                                                                                                                                                                                                                                                                                                                                                                              react-refresh/only-export-components

/home/runner/work/AIRBRO/AIRBRO/src/context/SubscriptionContext.tsx
Warning:    49:6   warning  React Hook useEffect has missing dependencies: 'fetchPaymentMethods' and 'fetchUserSubscription'. Either include them or remove the dependency array  react-hooks/exhaustive-deps
Warning:   130:14  warning  Fast refresh only works when a file only exports components. Use a new file to share constants or functions between components                        react-refresh/only-export-components

/home/runner/work/AIRBRO/AIRBRO/src/context/ThemeContext.tsx
Warning:   33:14  warning  Fast refresh only works when a file only exports components. Use a new file to share constants or functions between components  react-refresh/only-export-components

/home/runner/work/AIRBRO/AIRBRO/src/hooks/useAsync.ts
Warning:   52:28  warning  Unexpected any. Specify a different type  @typescript-eslint/no-explicit-any
Warning:   79:21  warning  Unexpected any. Specify a different type  @typescript-eslint/no-explicit-any
Warning:   91:21  warning  Unexpected any. Specify a different type  @typescript-eslint/no-explicit-any

/home/runner/work/AIRBRO/AIRBRO/src/hooks/useAuth.ts
Warning:   35:15  warning  'confirmPassword' is assigned a value but never used  @typescript-eslint/no-unused-vars
Warning:   35:32  warning  'agreement' is assigned a value but never used        @typescript-eslint/no-unused-vars

/home/runner/work/AIRBRO/AIRBRO/src/hooks/useDebounce.ts
  28:7  warning  Error: Calling setState synchronously within an effect can trigger cascading renders

Effects are intended to synchronize state between React and external systems such as manually updating the DOM, state management libraries, or other platform APIs. In general, the body of an effect should do one or both of the following:
* Update external systems with the latest state from React.
* Subscribe for updates from some external system, calling setState in a callback function when external state changes.

Calling setState synchronously within an effect body causes cascading renders that can hurt performance, and is not recommended. (https://react.dev/learn/you-might-not-need-an-effect).

/home/runner/work/AIRBRO/AIRBRO/src/hooks/useDebounce.ts:28:7
  26 |     // If delay is 0, update immediately
  27 |     if (delay === 0) {
> 28 |       setDebouncedValue(value);
     |       ^^^^^^^^^^^^^^^^^ Avoid calling setState() directly within an effect
  29 |       return;
  30 |     }
  31 |  react-hooks/set-state-in-effect

/home/runner/work/AIRBRO/AIRBRO/src/lib/__tests__/toast.test.tsx
Warning:   7:10  warning  'render' is defined but never used     @typescript-eslint/no-unused-vars
Warning:   7:18  warning  'screen' is defined but never used     @typescript-eslint/no-unused-vars
Warning:   7:26  warning  'waitFor' is defined but never used    @typescript-eslint/no-unused-vars
Warning:   9:48  warning  'afterEach' is defined but never used  @typescript-eslint/no-unused-vars

/home/runner/work/AIRBRO/AIRBRO/src/lib/analytics/index.ts
Warning:    26:30  warning  Unexpected any. Specify a different type  @typescript-eslint/no-explicit-any
Warning:    52:52  warning  Unexpected any. Specify a different type  @typescript-eslint/no-explicit-any
Warning:    67:66  warning  Unexpected any. Specify a different type  @typescript-eslint/no-explicit-any
Warning:    99:21  warning  Unexpected any. Specify a different type  @typescript-eslint/no-explicit-any
Warning:   100:16  warning  Unexpected any. Specify a different type  @typescript-eslint/no-explicit-any

/home/runner/work/AIRBRO/AIRBRO/src/lib/monitoring/sentry.ts
Warning:   42:85  warning  Unexpected any. Specify a different type  @typescript-eslint/no-explicit-any
Warning:   57:65  warning  Unexpected any. Specify a different type  @typescript-eslint/no-explicit-any

/home/runner/work/AIRBRO/AIRBRO/src/lib/toast.ts
Warning:    88:32  warning  Unexpected any. Specify a different type  @typescript-eslint/no-explicit-any
Warning:   109:38  warning  Unexpected any. Specify a different type  @typescript-eslint/no-explicit-any

/home/runner/work/AIRBRO/AIRBRO/src/lib/utils/__tests__/storage.test.ts
Warning:   17:7  warning  'getItemSpy' is assigned a value but never used  @typescript-eslint/no-unused-vars
Warning:   19:7  warning  'clearSpy' is assigned a value but never used    @typescript-eslint/no-unused-vars

/home/runner/work/AIRBRO/AIRBRO/src/pages/AuthPage.tsx
   66:25  warning  Compilation Skipped: Use of incompatible library

This API returns functions which cannot be memoized without leading to stale UI. To prevent this, by default React Compiler will skip memoizing this component/hook. However, you may see issues if values from this API are passed to other components/hooks that are memoized.

/home/runner/work/AIRBRO/AIRBRO/src/pages/AuthPage.tsx:66:25
  64 |   } = registerForm;
  65 |
> 66 |   const passwordValue = registerWatch('password'); // Watch password field for strength calculation
     |                         ^^^^^^^^^^^^^ React Hook Form's `useForm()` API returns a `watch()` function which cannot be memoized safely.
  67 |
  68 |   /**
  69 |    * Handles the submission of the login form  react-hooks/incompatible-library
Warning:    79:21  warning  Unexpected any. Specify a different type                                                                                                                                                                                                                                                                                                                                                                                                                                                                                                                                                                                                                                                                                                                             @typescript-eslint/no-explicit-any
Warning:    96:21  warning  Unexpected any. Specify a different type                                                                                                                                                                                                                                                                                                                                                                                                                                                                                                                                                                                                                                                                                                                             @typescript-eslint/no-explicit-any
Warning:   206:33  warning  Unexpected any. Specify a different type                                                                                                                                                                                                                                                                                                                                                                                                                                                                                                                                                                                                                                                                                                                             @typescript-eslint/no-explicit-any
Warning:   209:48  warning  Unexpected any. Specify a different type                                                                                                                                                                                                                                                                                                                                                                                                                                                                                                                                                                                                                                                                                                                             @typescript-eslint/no-explicit-any

/home/runner/work/AIRBRO/AIRBRO/src/pages/__tests__/AccountPage.test.tsx
Warning:    7:37  warning  'waitFor' is defined but never used              @typescript-eslint/no-unused-vars
Warning:   10:10  warning  'QueryClientProvider' is defined but never used  @typescript-eslint/no-unused-vars
Warning:   11:10  warning  'queryClient' is defined but never used          @typescript-eslint/no-unused-vars

/home/runner/work/AIRBRO/AIRBRO/src/pages/__tests__/AuthPage.test.tsx
Warning:   11:10  warning  'AuthProvider' is defined but never used         @typescript-eslint/no-unused-vars
Warning:   12:10  warning  'QueryClientProvider' is defined but never used  @typescript-eslint/no-unused-vars
Warning:   13:10  warning  'queryClient' is defined but never used          @typescript-eslint/no-unused-vars

/home/runner/work/AIRBRO/AIRBRO/src/pages/__tests__/PaymentPage.test.tsx
Warning:   12:10  warning  'QueryClientProvider' is defined but never used  @typescript-eslint/no-unused-vars
Warning:   13:10  warning  'queryClient' is defined but never used          @typescript-eslint/no-unused-vars

/home/runner/work/AIRBRO/AIRBRO/src/services/api/__tests__/client.test.ts
Warning:   152:28  warning  Unexpected any. Specify a different type  @typescript-eslint/no-explicit-any

/home/runner/work/AIRBRO/AIRBRO/src/services/api/client.ts
Warning:   267:58  warning  Unexpected any. Specify a different type  @typescript-eslint/no-explicit-any
Warning:   302:40  warning  Unexpected any. Specify a different type  @typescript-eslint/no-explicit-any
Warning:   302:79  warning  Unexpected any. Specify a different type  @typescript-eslint/no-explicit-any
Warning:   303:25  warning  Unexpected any. Specify a different type  @typescript-eslint/no-explicit-any
Warning:   309:54  warning  Unexpected any. Specify a different type  @typescript-eslint/no-explicit-any
Warning:   310:25  warning  Unexpected any. Specify a different type  @typescript-eslint/no-explicit-any
Warning:   325:41  warning  Unexpected any. Specify a different type  @typescript-eslint/no-explicit-any
Warning:   326:25  warning  Unexpected any. Specify a different type  @typescript-eslint/no-explicit-any
Warning:   329:36  warning  Unexpected any. Specify a different type  @typescript-eslint/no-explicit-any
Warning:   330:25  warning  Unexpected any. Specify a different type  @typescript-eslint/no-explicit-any

/home/runner/work/AIRBRO/AIRBRO/src/test/setup.ts
Warning:   71:16  warning  Unexpected any. Specify a different type  @typescript-eslint/no-explicit-any

/home/runner/work/AIRBRO/AIRBRO/src/test/utils.tsx
Warning:   25:5   warning  'initialState' is assigned a value but never used. Allowed unused args must match /^_/u  @typescript-eslint/no-unused-vars
Warning:   27:55  warning  Unexpected any. Specify a different type                                                 @typescript-eslint/no-explicit-any
Warning:   60:1   warning  This rule can't verify that `export *` only exports components                           react-refresh/only-export-components

/home/runner/work/AIRBRO/AIRBRO/src/types/forms.ts
Warning:   12:68  warning  Unexpected any. Specify a different type  @typescript-eslint/no-explicit-any
Warning:   18:49  warning  Unexpected any. Specify a different type  @typescript-eslint/no-explicit-any
Warning:   18:57  warning  Unexpected any. Specify a different type  @typescript-eslint/no-explicit-any
Warning:   38:68  warning  Unexpected any. Specify a different type  @typescript-eslint/no-explicit-any
Warning:   68:69  warning  Unexpected any. Specify a different type  @typescript-eslint/no-explicit-any
Warning:   82:71  warning  Unexpected any. Specify a different type  @typescript-eslint/no-explicit-any

/home/runner/work/AIRBRO/AIRBRO/tailwind.config.js
  0:0  error  Parsing error: "parserOptions.project" has been provided for @typescript-eslint/parser.
The file was not found in any of the provided project(s): tailwind.config.js

✖ 125 problems (8 errors, 117 warnings)

Error: Process completed with exit code 1.

10.CI / E2E Tests (push) Failing after 2m- Run npm run build

> airbro-business-landing@1.0.0 build
> npm run optimize:images && tsc -b && vite build


> airbro-business-landing@1.0.0 optimize:images
> node scripts/optimize-images.js

Starting image optimization...

Image optimization complete!
Processed 23 images.
Total original size: 6.99 MB
Total optimized size: 4.58 MB
Total size saved: 2.41 MB
Error: src/components/__tests__/ErrorBoundary.test.tsx(9,10): error TS2724: '"../../lib/monitoring/sentry"' has no exported member named 'mockLogError'. Did you mean 'logError'?
Error: src/components/__tests__/ErrorBoundary.test.tsx(19,1): error TS2593: Cannot find name 'describe'. Do you need to install type definitions for a test runner? Try `npm i --save-dev @types/jest` or `npm i --save-dev @types/mocha` and then add 'jest' or 'mocha' to the types field in your tsconfig.
Error: src/components/__tests__/ErrorBoundary.test.tsx(40,5): error TS2322: Type 'Location' is not assignable to type 'string & Location'.
  Type 'Location' is not assignable to type 'string'.
Error: src/components/__tests__/ErrorBoundary.test.tsx(44,3): error TS2593: Cannot find name 'it'. Do you need to install type definitions for a test runner? Try `npm i --save-dev @types/jest` or `npm i --save-dev @types/mocha` and then add 'jest' or 'mocha' to the types field in your tsconfig.
Error: src/components/__tests__/ErrorBoundary.test.tsx(54,3): error TS2593: Cannot find name 'it'. Do you need to install type definitions for a test runner? Try `npm i --save-dev @types/jest` or `npm i --save-dev @types/mocha` and then add 'jest' or 'mocha' to the types field in your tsconfig.
Error: src/components/__tests__/ErrorBoundary.test.tsx(65,3): error TS2593: Cannot find name 'it'. Do you need to install type definitions for a test runner? Try `npm i --save-dev @types/jest` or `npm i --save-dev @types/mocha` and then add 'jest' or 'mocha' to the types field in your tsconfig.
Error: src/components/__tests__/ErrorBoundary.test.tsx(80,3): error TS2593: Cannot find name 'it'. Do you need to install type definitions for a test runner? Try `npm i --save-dev @types/jest` or `npm i --save-dev @types/mocha` and then add 'jest' or 'mocha' to the types field in your tsconfig.
Error: src/components/__tests__/ErrorBoundary.test.tsx(92,3): error TS2593: Cannot find name 'it'. Do you need to install type definitions for a test runner? Try `npm i --save-dev @types/jest` or `npm i --save-dev @types/mocha` and then add 'jest' or 'mocha' to the types field in your tsconfig.
Error: src/components/__tests__/ErrorBoundary.test.tsx(103,3): error TS2593: Cannot find name 'it'. Do you need to install type definitions for a test runner? Try `npm i --save-dev @types/jest` or `npm i --save-dev @types/mocha` and then add 'jest' or 'mocha' to the types field in your tsconfig.
Error: src/components/common/__tests__/Button.test.tsx(5,1): error TS2593: Cannot find name 'describe'. Do you need to install type definitions for a test runner? Try `npm i --save-dev @types/jest` or `npm i --save-dev @types/mocha` and then add 'jest' or 'mocha' to the types field in your tsconfig.
Error: src/components/common/__tests__/Button.test.tsx(7,3): error TS2593: Cannot find name 'test'. Do you need to install type definitions for a test runner? Try `npm i --save-dev @types/jest` or `npm i --save-dev @types/mocha` and then add 'jest' or 'mocha' to the types field in your tsconfig.
Error: src/components/common/__tests__/Button.test.tsx(9,5): error TS2304: Cannot find name 'expect'.
Error: src/components/common/__tests__/Button.test.tsx(13,3): error TS2593: Cannot find name 'test'. Do you need to install type definitions for a test runner? Try `npm i --save-dev @types/jest` or `npm i --save-dev @types/mocha` and then add 'jest' or 'mocha' to the types field in your tsconfig.
Error: src/components/common/__tests__/Button.test.tsx(14,25): error TS2304: Cannot find name 'vi'.
Error: src/components/common/__tests__/Button.test.tsx(18,5): error TS2304: Cannot find name 'expect'.
Error: src/components/common/__tests__/Button.test.tsx(22,3): error TS2593: Cannot find name 'test'. Do you need to install type definitions for a test runner? Try `npm i --save-dev @types/jest` or `npm i --save-dev @types/mocha` and then add 'jest' or 'mocha' to the types field in your tsconfig.
Error: src/components/common/__tests__/Button.test.tsx(26,5): error TS2304: Cannot find name 'expect'.
Error: src/components/common/__tests__/Button.test.tsx(30,3): error TS2593: Cannot find name 'test'. Do you need to install type definitions for a test runner? Try `npm i --save-dev @types/jest` or `npm i --save-dev @types/mocha` and then add 'jest' or 'mocha' to the types field in your tsconfig.
Error: src/components/common/__tests__/Button.test.tsx(34,5): error TS2304: Cannot find name 'expect'.
Error: src/components/common/__tests__/Button.test.tsx(35,5): error TS2304: Cannot find name 'expect'.
Error: src/components/common/__tests__/Button.test.tsx(39,3): error TS2593: Cannot find name 'test'. Do you need to install type definitions for a test runner? Try `npm i --save-dev @types/jest` or `npm i --save-dev @types/mocha` and then add 'jest' or 'mocha' to the types field in your tsconfig.
Error: src/components/common/__tests__/Button.test.tsx(43,5): error TS2304: Cannot find name 'expect'.
Error: src/components/common/__tests__/Button.test.tsx(47,5): error TS2304: Cannot find name 'expect'.
Error: src/components/common/__tests__/Button.test.tsx(51,3): error TS2593: Cannot find name 'test'. Do you need to install type definitions for a test runner? Try `npm i --save-dev @types/jest` or `npm i --save-dev @types/mocha` and then add 'jest' or 'mocha' to the types field in your tsconfig.
Error: src/components/common/__tests__/Button.test.tsx(55,5): error TS2304: Cannot find name 'expect'.
Error: src/components/common/__tests__/Button.test.tsx(59,5): error TS2304: Cannot find name 'expect'.
Error: src/components/common/__tests__/Button.test.tsx(63,3): error TS2593: Cannot find name 'test'. Do you need to install type definitions for a test runner? Try `npm i --save-dev @types/jest` or `npm i --save-dev @types/mocha` and then add 'jest' or 'mocha' to the types field in your tsconfig.
Error: src/components/common/__tests__/Button.test.tsx(66,5): error TS2304: Cannot find name 'expect'.
Error: src/components/common/__tests__/Button.test.tsx(69,3): error TS2593: Cannot find name 'test'. Do you need to install type definitions for a test runner? Try `npm i --save-dev @types/jest` or `npm i --save-dev @types/mocha` and then add 'jest' or 'mocha' to the types field in your tsconfig.
Error: src/components/common/__tests__/Button.test.tsx(72,5): error TS2304: Cannot find name 'expect'.
Error: src/components/common/__tests__/Button.test.tsx(76,3): error TS2593: Cannot find name 'test'. Do you need to install type definitions for a test runner? Try `npm i --save-dev @types/jest` or `npm i --save-dev @types/mocha` and then add 'jest' or 'mocha' to the types field in your tsconfig.
Error: src/components/common/__tests__/Button.test.tsx(80,5): error TS2304: Cannot find name 'expect'.
Error: src/components/common/__tests__/Button.test.tsx(84,3): error TS2593: Cannot find name 'test'. Do you need to install type definitions for a test runner? Try `npm i --save-dev @types/jest` or `npm i --save-dev @types/mocha` and then add 'jest' or 'mocha' to the types field in your tsconfig.
Error: src/components/common/__tests__/Button.test.tsx(85,25): error TS2304: Cannot find name 'vi'.
Error: src/components/common/__tests__/Button.test.tsx(92,5): error TS2304: Cannot find name 'expect'.
Error: src/components/common/__tests__/Button.test.tsx(95,3): error TS2593: Cannot find name 'test'. Do you need to install type definitions for a test runner? Try `npm i --save-dev @types/jest` or `npm i --save-dev @types/mocha` and then add 'jest' or 'mocha' to the types field in your tsconfig.
Error: src/components/common/__tests__/Button.test.tsx(96,25): error TS2304: Cannot find name 'vi'.
Error: src/components/common/__tests__/Button.test.tsx(104,5): error TS2304: Cannot find name 'expect'.
Error: src/components/common/__tests__/OptimizedImage.test.tsx(6,1): error TS6133: 'React' is declared but its value is never read.
Error: src/components/common/__tests__/OptimizedImage.test.tsx(25,1): error TS2593: Cannot find name 'describe'. Do you need to install type definitions for a test runner? Try `npm i --save-dev @types/jest` or `npm i --save-dev @types/mocha` and then add 'jest' or 'mocha' to the types field in your tsconfig.
Error: src/components/common/__tests__/OptimizedImage.test.tsx(38,3): error TS2593: Cannot find name 'it'. Do you need to install type definitions for a test runner? Try `npm i --save-dev @types/jest` or `npm i --save-dev @types/mocha` and then add 'jest' or 'mocha' to the types field in your tsconfig.
Error: src/components/common/__tests__/OptimizedImage.test.tsx(39,48): error TS2322: Type '{ src: string; alt: string; widths: number[]; }' is not assignable to type 'IntrinsicAttributes & OptimizedImageProps'.
  Property 'widths' does not exist on type 'IntrinsicAttributes & OptimizedImageProps'. Did you mean 'width'?
Error: src/components/common/__tests__/OptimizedImage.test.tsx(62,3): error TS2593: Cannot find name 'it'. Do you need to install type definitions for a test runner? Try `npm i --save-dev @types/jest` or `npm i --save-dev @types/mocha` and then add 'jest' or 'mocha' to the types field in your tsconfig.
Error: src/components/common/__tests__/OptimizedImage.test.tsx(63,48): error TS2322: Type '{ src: string; alt: string; widths: number[]; }' is not assignable to type 'IntrinsicAttributes & OptimizedImageProps'.
  Property 'widths' does not exist on type 'IntrinsicAttributes & OptimizedImageProps'. Did you mean 'width'?
Error: src/components/common/__tests__/OptimizedImage.test.tsx(73,3): error TS2593: Cannot find name 'it'. Do you need to install type definitions for a test runner? Try `npm i --save-dev @types/jest` or `npm i --save-dev @types/mocha` and then add 'jest' or 'mocha' to the types field in your tsconfig.
Error: src/components/common/__tests__/OptimizedImage.test.tsx(75,48): error TS2322: Type '{ src: string; alt: string; widths: number[]; sizes: string; }' is not assignable to type 'IntrinsicAttributes & OptimizedImageProps'.
  Property 'widths' does not exist on type 'IntrinsicAttributes & OptimizedImageProps'. Did you mean 'width'?
Error: src/components/common/__tests__/OptimizedImage.test.tsx(79,3): error TS2593: Cannot find name 'it'. Do you need to install type definitions for a test runner? Try `npm i --save-dev @types/jest` or `npm i --save-dev @types/mocha` and then add 'jest' or 'mocha' to the types field in your tsconfig.
Error: src/components/common/__tests__/OptimizedImage.test.tsx(80,48): error TS2322: Type '{ src: string; alt: string; widths: number[]; priority: true; }' is not assignable to type 'IntrinsicAttributes & OptimizedImageProps'.
  Property 'widths' does not exist on type 'IntrinsicAttributes & OptimizedImageProps'. Did you mean 'width'?
Error: src/components/common/__tests__/OptimizedImage.test.tsx(84,3): error TS2593: Cannot find name 'it'. Do you need to install type definitions for a test runner? Try `npm i --save-dev @types/jest` or `npm i --save-dev @types/mocha` and then add 'jest' or 'mocha' to the types field in your tsconfig.
Error: src/components/common/__tests__/OptimizedImage.test.tsx(85,48): error TS2322: Type '{ src: string; alt: string; widths: number[]; }' is not assignable to type 'IntrinsicAttributes & OptimizedImageProps'.
  Property 'widths' does not exist on type 'IntrinsicAttributes & OptimizedImageProps'. Did you mean 'width'?
Error: src/components/common/__tests__/OptimizedImage.test.tsx(89,3): error TS2593: Cannot find name 'it'. Do you need to install type definitions for a test runner? Try `npm i --save-dev @types/jest` or `npm i --save-dev @types/mocha` and then add 'jest' or 'mocha' to the types field in your tsconfig.
Error: src/components/common/__tests__/OptimizedImage.test.tsx(90,48): error TS2322: Type '{ src: string; alt: string; widths: number[]; }' is not assignable to type 'IntrinsicAttributes & OptimizedImageProps'.
  Property 'widths' does not exist on type 'IntrinsicAttributes & OptimizedImageProps'. Did you mean 'width'?
Error: src/components/common/__tests__/OptimizedImage.test.tsx(100,3): error TS2593: Cannot find name 'it'. Do you need to install type definitions for a test runner? Try `npm i --save-dev @types/jest` or `npm i --save-dev @types/mocha` and then add 'jest' or 'mocha' to the types field in your tsconfig.
Error: src/components/common/__tests__/OptimizedImage.test.tsx(101,48): error TS2322: Type '{ src: string; alt: string; widths: number[]; }' is not assignable to type 'IntrinsicAttributes & OptimizedImageProps'.
  Property 'widths' does not exist on type 'IntrinsicAttributes & OptimizedImageProps'. Did you mean 'width'?
Error: src/components/common/__tests__/OptimizedImage.test.tsx(113,3): error TS2593: Cannot find name 'it'. Do you need to install type definitions for a test runner? Try `npm i --save-dev @types/jest` or `npm i --save-dev @types/mocha` and then add 'jest' or 'mocha' to the types field in your tsconfig.
Error: src/components/common/__tests__/OptimizedImage.test.tsx(114,48): error TS2322: Type '{ src: string; alt: string; widths: number[]; width: number; height: number; }' is not assignable to type 'IntrinsicAttributes & OptimizedImageProps'.
  Property 'widths' does not exist on type 'IntrinsicAttributes & OptimizedImageProps'. Did you mean 'width'?
Error: src/components/common/__tests__/OptimizedImage.test.tsx(119,3): error TS2593: Cannot find name 'it'. Do you need to install type definitions for a test runner? Try `npm i --save-dev @types/jest` or `npm i --save-dev @types/mocha` and then add 'jest' or 'mocha' to the types field in your tsconfig.
Error: src/components/common/__tests__/OptimizedImage.test.tsx(120,48): error TS2322: Type '{ src: string; alt: string; widths: number[]; className: string; }' is not assignable to type 'IntrinsicAttributes & OptimizedImageProps'.
  Property 'widths' does not exist on type 'IntrinsicAttributes & OptimizedImageProps'. Did you mean 'width'?
Error: src/components/common/__tests__/SafeHTML.test.tsx(4,1): error TS2593: Cannot find name 'describe'. Do you need to install type definitions for a test runner? Try `npm i --save-dev @types/jest` or `npm i --save-dev @types/mocha` and then add 'jest' or 'mocha' to the types field in your tsconfig.
Error: src/components/common/__tests__/SafeHTML.test.tsx(6,3): error TS2593: Cannot find name 'test'. Do you need to install type definitions for a test runner? Try `npm i --save-dev @types/jest` or `npm i --save-dev @types/mocha` and then add 'jest' or 'mocha' to the types field in your tsconfig.
Error: src/components/common/__tests__/SafeHTML.test.tsx(10,5): error TS2304: Cannot find name 'expect'.
Error: src/components/common/__tests__/SafeHTML.test.tsx(14,3): error TS2593: Cannot find name 'test'. Do you need to install type definitions for a test runner? Try `npm i --save-dev @types/jest` or `npm i --save-dev @types/mocha` and then add 'jest' or 'mocha' to the types field in your tsconfig.
Error: src/components/common/__tests__/SafeHTML.test.tsx(18,5): error TS2304: Cannot find name 'expect'.
Error: src/components/common/__tests__/SafeHTML.test.tsx(19,5): error TS2304: Cannot find name 'expect'.
Error: src/components/common/__tests__/SafeHTML.test.tsx(23,3): error TS2593: Cannot find name 'test'. Do you need to install type definitions for a test runner? Try `npm i --save-dev @types/jest` or `npm i --save-dev @types/mocha` and then add 'jest' or 'mocha' to the types field in your tsconfig.
Error: src/components/common/__tests__/SafeHTML.test.tsx(27,5): error TS2304: Cannot find name 'expect'.
Error: src/components/common/__tests__/SafeHTML.test.tsx(28,5): error TS2304: Cannot find name 'expect'.
Error: src/components/common/__tests__/SafeHTML.test.tsx(32,3): error TS2593: Cannot find name 'test'. Do you need to install type definitions for a test runner? Try `npm i --save-dev @types/jest` or `npm i --save-dev @types/mocha` and then add 'jest' or 'mocha' to the types field in your tsconfig.
Error: src/components/common/__tests__/SafeHTML.test.tsx(37,5): error TS2304: Cannot find name 'expect'.
Error: src/components/common/__tests__/SafeHTML.test.tsx(42,3): error TS2593: Cannot find name 'test'. Do you need to install type definitions for a test runner? Try `npm i --save-dev @types/jest` or `npm i --save-dev @types/mocha` and then add 'jest' or 'mocha' to the types field in your tsconfig.
Error: src/components/common/__tests__/SafeHTML.test.tsx(46,5): error TS2304: Cannot find name 'expect'.
Error: src/components/common/__tests__/SafeHTML.test.tsx(47,5): error TS2304: Cannot find name 'expect'.
Error: src/components/common/__tests__/SafeHTML.test.tsx(48,5): error TS2304: Cannot find name 'expect'.
Error: src/components/common/__tests__/SafeHTML.test.tsx(52,3): error TS2593: Cannot find name 'test'. Do you need to install type definitions for a test runner? Try `npm i --save-dev @types/jest` or `npm i --save-dev @types/mocha` and then add 'jest' or 'mocha' to the types field in your tsconfig.
Error: src/components/common/__tests__/SafeHTML.test.tsx(58,5): error TS2304: Cannot find name 'expect'.
Error: src/components/common/__tests__/SafeHTML.test.tsx(62,3): error TS2593: Cannot find name 'test'. Do you need to install type definitions for a test runner? Try `npm i --save-dev @types/jest` or `npm i --save-dev @types/mocha` and then add 'jest' or 'mocha' to the types field in your tsconfig.
Error: src/components/common/__tests__/SafeHTML.test.tsx(67,5): error TS2304: Cannot find name 'expect'.
Error: src/components/common/__tests__/SafeHTML.test.tsx(68,5): error TS2304: Cannot find name 'expect'.
Error: src/components/common/__tests__/SafeHTML.test.tsx(72,3): error TS2593: Cannot find name 'test'. Do you need to install type definitions for a test runner? Try `npm i --save-dev @types/jest` or `npm i --save-dev @types/mocha` and then add 'jest' or 'mocha' to the types field in your tsconfig.
Error: src/components/common/__tests__/SafeHTML.test.tsx(76,5): error TS2304: Cannot find name 'expect'.
Error: src/components/common/__tests__/SafeHTML.test.tsx(77,5): error TS2304: Cannot find name 'expect'.
Error: src/components/common/__tests__/SafeHTML.test.tsx(80,3): error TS2593: Cannot find name 'test'. Do you need to install type definitions for a test runner? Try `npm i --save-dev @types/jest` or `npm i --save-dev @types/mocha` and then add 'jest' or 'mocha' to the types field in your tsconfig.
Error: src/components/common/__tests__/SafeHTML.test.tsx(85,5): error TS2304: Cannot find name 'expect'.
Error: src/components/common/__tests__/Skeleton.test.tsx(6,1): error TS6133: 'React' is declared but its value is never read.
Error: src/hooks/__tests__/useDebounce.test.ts(15,3): error TS2304: Cannot find name 'afterEach'.
Error: src/hooks/__tests__/useLocalStorage.test.ts(41,21): error TS2503: Cannot find namespace 'vi'.
Error: src/hooks/__tests__/useLocalStorage.test.ts(59,21): error TS2503: Cannot find namespace 'vi'.
Error: src/hooks/__tests__/useLocalStorage.test.ts(77,21): error TS2503: Cannot find namespace 'vi'.
Error: src/hooks/__tests__/useLocalStorage.test.ts(94,25): error TS2345: Argument of type '{ b: number; }' is not assignable to parameter of type '{ a: number; } | ((val: { a: number; }) => { a: number; })'.
Error: src/lib/__tests__/toast.test.tsx(6,1): error TS6133: 'React' is declared but its value is never read.
Error: src/lib/__tests__/toast.test.tsx(7,10): error TS6133: 'render' is declared but its value is never read.
Error: src/lib/__tests__/toast.test.tsx(7,18): error TS6133: 'screen' is declared but its value is never read.
Error: src/lib/__tests__/toast.test.tsx(7,26): error TS6133: 'waitFor' is declared but its value is never read.
Error: src/lib/__tests__/toast.test.tsx(9,48): error TS6133: 'afterEach' is declared but its value is never read.
Error: src/lib/utils/__tests__/storage.test.ts(17,7): error TS6133: 'getItemSpy' is declared but its value is never read.
Error: src/lib/utils/__tests__/storage.test.ts(19,7): error TS6133: 'clearSpy' is declared but its value is never read.
Error: src/lib/utils/__tests__/storage.test.ts(124,28): error TS2304: Cannot find name 'global'.
Error: src/lib/utils/__tests__/storage.test.ts(126,27): error TS2304: Cannot find name 'global'.
Error: src/lib/utils/__tests__/storage.test.ts(134,5): error TS2304: Cannot find name 'global'.
Error: src/lib/utils/__tests__/storage.test.ts(139,28): error TS2304: Cannot find name 'global'.
Error: src/lib/utils/__tests__/storage.test.ts(140,27): error TS2304: Cannot find name 'global'.
Error: src/lib/utils/__tests__/storage.test.ts(149,5): error TS2304: Cannot find name 'global'.
Error: src/lib/validation/__tests__/auth.test.ts(51,14): error TS18046: 'error' is of type 'unknown'.
Error: src/lib/validation/__tests__/auth.test.ts(66,14): error TS18046: 'error' is of type 'unknown'.
Error: src/pages/__tests__/AccountPage.test.tsx(7,37): error TS6133: 'waitFor' is declared but its value is never read.
Error: src/pages/__tests__/AccountPage.test.tsx(10,1): error TS6133: 'QueryClientProvider' is declared but its value is never read.
Error: src/pages/__tests__/AccountPage.test.tsx(11,1): error TS6133: 'queryClient' is declared but its value is never read.
Error: src/pages/__tests__/AccountPage.test.tsx(44,17): error TS2503: Cannot find namespace 'vi'.
Error: src/pages/__tests__/AccountPage.test.tsx(53,17): error TS2503: Cannot find namespace 'vi'.
Error: src/pages/__tests__/AuthPage.test.tsx(11,1): error TS6133: 'AuthProvider' is declared but its value is never read.
Error: src/pages/__tests__/AuthPage.test.tsx(12,1): error TS6133: 'QueryClientProvider' is declared but its value is never read.
Error: src/pages/__tests__/AuthPage.test.tsx(13,1): error TS6133: 'queryClient' is declared but its value is never read.
Error: src/pages/__tests__/AuthPage.test.tsx(56,18): error TS2503: Cannot find namespace 'vi'.
Error: src/pages/__tests__/AuthPage.test.tsx(57,21): error TS2503: Cannot find namespace 'vi'.
Error: src/pages/__tests__/AuthPage.test.tsx(58,27): error TS2503: Cannot find namespace 'vi'.
Error: src/pages/__tests__/AuthPage.test.tsx(59,25): error TS2503: Cannot find namespace 'vi'.
Error: src/pages/__tests__/PaymentPage.test.tsx(12,1): error TS6133: 'QueryClientProvider' is declared but its value is never read.
Error: src/pages/__tests__/PaymentPage.test.tsx(13,1): error TS6133: 'queryClient' is declared but its value is never read.
Error: src/pages/__tests__/PaymentPage.test.tsx(66,17): error TS2503: Cannot find namespace 'vi'.
Error: src/pages/__tests__/PaymentPage.test.tsx(67,25): error TS2503: Cannot find namespace 'vi'.
Error: src/pages/__tests__/PaymentPage.test.tsx(71,44): error TS2503: Cannot find namespace 'vi'.
Error: src/pages/__tests__/PaymentPage.test.tsx(72,39): error TS2503: Cannot find namespace 'vi'.
Error: src/pages/__tests__/PaymentPage.test.tsx(73,46): error TS2503: Cannot find namespace 'vi'.
Error: src/pages/__tests__/PaymentPage.test.tsx(82,17): error TS2503: Cannot find namespace 'vi'.
Error: src/pages/__tests__/PaymentPage.test.tsx(88,17): error TS2503: Cannot find namespace 'vi'.
Error: src/pages/__tests__/PaymentPage.test.tsx(89,25): error TS2503: Cannot find namespace 'vi'.
Error: src/pages/__tests__/PaymentPage.test.tsx(105,43): error TS2769: No overload matches this call.
  Overload 1 of 2, '(id: Matcher, options?: SelectorMatcherOptions | undefined): HTMLElement', gave the following error.
    Argument of type '(content: string, element: Element | null) => boolean | undefined' is not assignable to parameter of type 'Matcher'.
      Type '(content: string, element: Element | null) => boolean | undefined' is not assignable to type 'MatcherFunction'.
        Type 'boolean | undefined' is not assignable to type 'boolean'.
          Type 'undefined' is not assignable to type 'boolean'.
  Overload 2 of 2, '(id: Matcher, options?: SelectorMatcherOptions | undefined): HTMLElement', gave the following error.
    Argument of type '(content: string, element: Element | null) => boolean | undefined' is not assignable to parameter of type 'Matcher'.
      Type '(content: string, element: Element | null) => boolean | undefined' is not assignable to type 'MatcherFunction'.
        Type 'boolean | undefined' is not assignable to type 'boolean'.
          Type 'undefined' is not assignable to type 'boolean'.
Error: src/pages/__tests__/PaymentPage.test.tsx(126,46): error TS2503: Cannot find namespace 'vi'.
Error: src/pages/__tests__/PaymentPage.test.tsx(130,41): error TS2503: Cannot find namespace 'vi'.
Error: src/pages/__tests__/PaymentPage.test.tsx(158,46): error TS2503: Cannot find namespace 'vi'.
Error: src/pages/__tests__/PaymentPage.test.tsx(162,41): error TS2503: Cannot find namespace 'vi'.
Error: src/pages/__tests__/PaymentPage.test.tsx(187,48): error TS2503: Cannot find namespace 'vi'.
Error: src/pages/__tests__/PaymentPage.test.tsx(209,48): error TS2503: Cannot find namespace 'vi'.
Error: src/pages/__tests__/PaymentPage.test.tsx(226,44): error TS2503: Cannot find namespace 'vi'.
Error: src/pages/__tests__/PaymentPage.test.tsx(230,39): error TS2503: Cannot find namespace 'vi'.
Error: src/pages/__tests__/SolutionsPage.test.tsx(82,29): error TS2503: Cannot find namespace 'vi'.
Error: src/pages/__tests__/SolutionsPage.test.tsx(85,3): error TS2304: Cannot find name 'afterEach'.
Error: src/services/api/__tests__/client.test.ts(2,59): error TS1484: 'Mock' is a type and must be imported using a type-only import when 'verbatimModuleSyntax' is enabled.
Error: src/services/api/__tests__/client.test.ts(11,5): error TS2304: Cannot find name 'global'.
Error: Process completed with exit code 2.

11-Deploy Frontend / Deploy to Vercel (push) Failing after 1m-Warning: Unexpected input(s) 'webhook_url', valid inputs are ['status', 'fields', 'custom_payload', 'mention', 'if_mention', 'author_name', 'text', 'username', 'icon_emoji', 'icon_url', 'channel', 'job_name', 'success_message', 'cancelled_message', 'failure_message', 'github_token', 'github_base_url']
Run 8398a7/action-slack@v3
Error: Specify secrets.SLACK_WEBHOOK_URL

12-Deploy Backend / Deploy to Railway (push) Failing after 12s-Warning: Unexpected input(s) 'webhook_url', valid inputs are ['status', 'fields', 'custom_payload', 'mention', 'if_mention', 'author_name', 'text', 'username', 'icon_emoji', 'icon_url', 'channel', 'job_name', 'success_message', 'cancelled_message', 'failure_message', 'github_token', 'github_base_url']
Run 8398a7/action-slack@v3
Error: Specify secrets.SLACK_WEBHOOK_URL

13. CI / Build Check (push) Failing after 1m-Run npm run build

> airbro-business-landing@1.0.0 build
> npm run optimize:images && tsc -b && vite build


> airbro-business-landing@1.0.0 optimize:images
> node scripts/optimize-images.js

Starting image optimization...

Image optimization complete!
Processed 23 images.
Total original size: 6.99 MB
Total optimized size: 4.58 MB
Total size saved: 2.41 MB
Error: src/components/__tests__/ErrorBoundary.test.tsx(9,10): error TS2724: '"../../lib/monitoring/sentry"' has no exported member named 'mockLogError'. Did you mean 'logError'?
Error: src/components/__tests__/ErrorBoundary.test.tsx(19,1): error TS2593: Cannot find name 'describe'. Do you need to install type definitions for a test runner? Try `npm i --save-dev @types/jest` or `npm i --save-dev @types/mocha` and then add 'jest' or 'mocha' to the types field in your tsconfig.
Error: src/components/__tests__/ErrorBoundary.test.tsx(40,5): error TS2322: Type 'Location' is not assignable to type 'string & Location'.
  Type 'Location' is not assignable to type 'string'.
Error: src/components/__tests__/ErrorBoundary.test.tsx(44,3): error TS2593: Cannot find name 'it'. Do you need to install type definitions for a test runner? Try `npm i --save-dev @types/jest` or `npm i --save-dev @types/mocha` and then add 'jest' or 'mocha' to the types field in your tsconfig.
Error: src/components/__tests__/ErrorBoundary.test.tsx(54,3): error TS2593: Cannot find name 'it'. Do you need to install type definitions for a test runner? Try `npm i --save-dev @types/jest` or `npm i --save-dev @types/mocha` and then add 'jest' or 'mocha' to the types field in your tsconfig.
Error: src/components/__tests__/ErrorBoundary.test.tsx(65,3): error TS2593: Cannot find name 'it'. Do you need to install type definitions for a test runner? Try `npm i --save-dev @types/jest` or `npm i --save-dev @types/mocha` and then add 'jest' or 'mocha' to the types field in your tsconfig.
Error: src/components/__tests__/ErrorBoundary.test.tsx(80,3): error TS2593: Cannot find name 'it'. Do you need to install type definitions for a test runner? Try `npm i --save-dev @types/jest` or `npm i --save-dev @types/mocha` and then add 'jest' or 'mocha' to the types field in your tsconfig.
Error: src/components/__tests__/ErrorBoundary.test.tsx(92,3): error TS2593: Cannot find name 'it'. Do you need to install type definitions for a test runner? Try `npm i --save-dev @types/jest` or `npm i --save-dev @types/mocha` and then add 'jest' or 'mocha' to the types field in your tsconfig.
Error: src/components/__tests__/ErrorBoundary.test.tsx(103,3): error TS2593: Cannot find name 'it'. Do you need to install type definitions for a test runner? Try `npm i --save-dev @types/jest` or `npm i --save-dev @types/mocha` and then add 'jest' or 'mocha' to the types field in your tsconfig.
Error: src/components/common/__tests__/Button.test.tsx(5,1): error TS2593: Cannot find name 'describe'. Do you need to install type definitions for a test runner? Try `npm i --save-dev @types/jest` or `npm i --save-dev @types/mocha` and then add 'jest' or 'mocha' to the types field in your tsconfig.
Error: src/components/common/__tests__/Button.test.tsx(7,3): error TS2593: Cannot find name 'test'. Do you need to install type definitions for a test runner? Try `npm i --save-dev @types/jest` or `npm i --save-dev @types/mocha` and then add 'jest' or 'mocha' to the types field in your tsconfig.
Error: src/components/common/__tests__/Button.test.tsx(9,5): error TS2304: Cannot find name 'expect'.
Error: src/components/common/__tests__/Button.test.tsx(13,3): error TS2593: Cannot find name 'test'. Do you need to install type definitions for a test runner? Try `npm i --save-dev @types/jest` or `npm i --save-dev @types/mocha` and then add 'jest' or 'mocha' to the types field in your tsconfig.
Error: src/components/common/__tests__/Button.test.tsx(14,25): error TS2304: Cannot find name 'vi'.
Error: src/components/common/__tests__/Button.test.tsx(18,5): error TS2304: Cannot find name 'expect'.
Error: src/components/common/__tests__/Button.test.tsx(22,3): error TS2593: Cannot find name 'test'. Do you need to install type definitions for a test runner? Try `npm i --save-dev @types/jest` or `npm i --save-dev @types/mocha` and then add 'jest' or 'mocha' to the types field in your tsconfig.
Error: src/components/common/__tests__/Button.test.tsx(26,5): error TS2304: Cannot find name 'expect'.
Error: src/components/common/__tests__/Button.test.tsx(30,3): error TS2593: Cannot find name 'test'. Do you need to install type definitions for a test runner? Try `npm i --save-dev @types/jest` or `npm i --save-dev @types/mocha` and then add 'jest' or 'mocha' to the types field in your tsconfig.
Error: src/components/common/__tests__/Button.test.tsx(34,5): error TS2304: Cannot find name 'expect'.
Error: src/components/common/__tests__/Button.test.tsx(35,5): error TS2304: Cannot find name 'expect'.
Error: src/components/common/__tests__/Button.test.tsx(39,3): error TS2593: Cannot find name 'test'. Do you need to install type definitions for a test runner? Try `npm i --save-dev @types/jest` or `npm i --save-dev @types/mocha` and then add 'jest' or 'mocha' to the types field in your tsconfig.
Error: src/components/common/__tests__/Button.test.tsx(43,5): error TS2304: Cannot find name 'expect'.
Error: src/components/common/__tests__/Button.test.tsx(47,5): error TS2304: Cannot find name 'expect'.
Error: src/components/common/__tests__/Button.test.tsx(51,3): error TS2593: Cannot find name 'test'. Do you need to install type definitions for a test runner? Try `npm i --save-dev @types/jest` or `npm i --save-dev @types/mocha` and then add 'jest' or 'mocha' to the types field in your tsconfig.
Error: src/components/common/__tests__/Button.test.tsx(55,5): error TS2304: Cannot find name 'expect'.
Error: src/components/common/__tests__/Button.test.tsx(59,5): error TS2304: Cannot find name 'expect'.
Error: src/components/common/__tests__/Button.test.tsx(63,3): error TS2593: Cannot find name 'test'. Do you need to install type definitions for a test runner? Try `npm i --save-dev @types/jest` or `npm i --save-dev @types/mocha` and then add 'jest' or 'mocha' to the types field in your tsconfig.
Error: src/components/common/__tests__/Button.test.tsx(66,5): error TS2304: Cannot find name 'expect'.
Error: src/components/common/__tests__/Button.test.tsx(69,3): error TS2593: Cannot find name 'test'. Do you need to install type definitions for a test runner? Try `npm i --save-dev @types/jest` or `npm i --save-dev @types/mocha` and then add 'jest' or 'mocha' to the types field in your tsconfig.
Error: src/components/common/__tests__/Button.test.tsx(72,5): error TS2304: Cannot find name 'expect'.
Error: src/components/common/__tests__/Button.test.tsx(76,3): error TS2593: Cannot find name 'test'. Do you need to install type definitions for a test runner? Try `npm i --save-dev @types/jest` or `npm i --save-dev @types/mocha` and then add 'jest' or 'mocha' to the types field in your tsconfig.
Error: src/components/common/__tests__/Button.test.tsx(80,5): error TS2304: Cannot find name 'expect'.
Error: src/components/common/__tests__/Button.test.tsx(84,3): error TS2593: Cannot find name 'test'. Do you need to install type definitions for a test runner? Try `npm i --save-dev @types/jest` or `npm i --save-dev @types/mocha` and then add 'jest' or 'mocha' to the types field in your tsconfig.
Error: src/components/common/__tests__/Button.test.tsx(85,25): error TS2304: Cannot find name 'vi'.
Error: src/components/common/__tests__/Button.test.tsx(92,5): error TS2304: Cannot find name 'expect'.
Error: src/components/common/__tests__/Button.test.tsx(95,3): error TS2593: Cannot find name 'test'. Do you need to install type definitions for a test runner? Try `npm i --save-dev @types/jest` or `npm i --save-dev @types/mocha` and then add 'jest' or 'mocha' to the types field in your tsconfig.
Error: src/components/common/__tests__/Button.test.tsx(96,25): error TS2304: Cannot find name 'vi'.
Error: src/components/common/__tests__/Button.test.tsx(104,5): error TS2304: Cannot find name 'expect'.
Error: src/components/common/__tests__/OptimizedImage.test.tsx(6,1): error TS6133: 'React' is declared but its value is never read.
Error: src/components/common/__tests__/OptimizedImage.test.tsx(25,1): error TS2593: Cannot find name 'describe'. Do you need to install type definitions for a test runner? Try `npm i --save-dev @types/jest` or `npm i --save-dev @types/mocha` and then add 'jest' or 'mocha' to the types field in your tsconfig.
Error: src/components/common/__tests__/OptimizedImage.test.tsx(38,3): error TS2593: Cannot find name 'it'. Do you need to install type definitions for a test runner? Try `npm i --save-dev @types/jest` or `npm i --save-dev @types/mocha` and then add 'jest' or 'mocha' to the types field in your tsconfig.
Error: src/components/common/__tests__/OptimizedImage.test.tsx(39,48): error TS2322: Type '{ src: string; alt: string; widths: number[]; }' is not assignable to type 'IntrinsicAttributes & OptimizedImageProps'.
  Property 'widths' does not exist on type 'IntrinsicAttributes & OptimizedImageProps'. Did you mean 'width'?
Error: src/components/common/__tests__/OptimizedImage.test.tsx(62,3): error TS2593: Cannot find name 'it'. Do you need to install type definitions for a test runner? Try `npm i --save-dev @types/jest` or `npm i --save-dev @types/mocha` and then add 'jest' or 'mocha' to the types field in your tsconfig.
Error: src/components/common/__tests__/OptimizedImage.test.tsx(63,48): error TS2322: Type '{ src: string; alt: string; widths: number[]; }' is not assignable to type 'IntrinsicAttributes & OptimizedImageProps'.
  Property 'widths' does not exist on type 'IntrinsicAttributes & OptimizedImageProps'. Did you mean 'width'?
Error: src/components/common/__tests__/OptimizedImage.test.tsx(73,3): error TS2593: Cannot find name 'it'. Do you need to install type definitions for a test runner? Try `npm i --save-dev @types/jest` or `npm i --save-dev @types/mocha` and then add 'jest' or 'mocha' to the types field in your tsconfig.
Error: src/components/common/__tests__/OptimizedImage.test.tsx(75,48): error TS2322: Type '{ src: string; alt: string; widths: number[]; sizes: string; }' is not assignable to type 'IntrinsicAttributes & OptimizedImageProps'.
  Property 'widths' does not exist on type 'IntrinsicAttributes & OptimizedImageProps'. Did you mean 'width'?
Error: src/components/common/__tests__/OptimizedImage.test.tsx(79,3): error TS2593: Cannot find name 'it'. Do you need to install type definitions for a test runner? Try `npm i --save-dev @types/jest` or `npm i --save-dev @types/mocha` and then add 'jest' or 'mocha' to the types field in your tsconfig.
Error: src/components/common/__tests__/OptimizedImage.test.tsx(80,48): error TS2322: Type '{ src: string; alt: string; widths: number[]; priority: true; }' is not assignable to type 'IntrinsicAttributes & OptimizedImageProps'.
  Property 'widths' does not exist on type 'IntrinsicAttributes & OptimizedImageProps'. Did you mean 'width'?
Error: src/components/common/__tests__/OptimizedImage.test.tsx(84,3): error TS2593: Cannot find name 'it'. Do you need to install type definitions for a test runner? Try `npm i --save-dev @types/jest` or `npm i --save-dev @types/mocha` and then add 'jest' or 'mocha' to the types field in your tsconfig.
Error: src/components/common/__tests__/OptimizedImage.test.tsx(85,48): error TS2322: Type '{ src: string; alt: string; widths: number[]; }' is not assignable to type 'IntrinsicAttributes & OptimizedImageProps'.
  Property 'widths' does not exist on type 'IntrinsicAttributes & OptimizedImageProps'. Did you mean 'width'?
Error: src/components/common/__tests__/OptimizedImage.test.tsx(89,3): error TS2593: Cannot find name 'it'. Do you need to install type definitions for a test runner? Try `npm i --save-dev @types/jest` or `npm i --save-dev @types/mocha` and then add 'jest' or 'mocha' to the types field in your tsconfig.
Error: src/components/common/__tests__/OptimizedImage.test.tsx(90,48): error TS2322: Type '{ src: string; alt: string; widths: number[]; }' is not assignable to type 'IntrinsicAttributes & OptimizedImageProps'.
  Property 'widths' does not exist on type 'IntrinsicAttributes & OptimizedImageProps'. Did you mean 'width'?
Error: src/components/common/__tests__/OptimizedImage.test.tsx(100,3): error TS2593: Cannot find name 'it'. Do you need to install type definitions for a test runner? Try `npm i --save-dev @types/jest` or `npm i --save-dev @types/mocha` and then add 'jest' or 'mocha' to the types field in your tsconfig.
Error: src/components/common/__tests__/OptimizedImage.test.tsx(101,48): error TS2322: Type '{ src: string; alt: string; widths: number[]; }' is not assignable to type 'IntrinsicAttributes & OptimizedImageProps'.
  Property 'widths' does not exist on type 'IntrinsicAttributes & OptimizedImageProps'. Did you mean 'width'?
Error: src/components/common/__tests__/OptimizedImage.test.tsx(113,3): error TS2593: Cannot find name 'it'. Do you need to install type definitions for a test runner? Try `npm i --save-dev @types/jest` or `npm i --save-dev @types/mocha` and then add 'jest' or 'mocha' to the types field in your tsconfig.
Error: src/components/common/__tests__/OptimizedImage.test.tsx(114,48): error TS2322: Type '{ src: string; alt: string; widths: number[]; width: number; height: number; }' is not assignable to type 'IntrinsicAttributes & OptimizedImageProps'.
  Property 'widths' does not exist on type 'IntrinsicAttributes & OptimizedImageProps'. Did you mean 'width'?
Error: src/components/common/__tests__/OptimizedImage.test.tsx(119,3): error TS2593: Cannot find name 'it'. Do you need to install type definitions for a test runner? Try `npm i --save-dev @types/jest` or `npm i --save-dev @types/mocha` and then add 'jest' or 'mocha' to the types field in your tsconfig.
Error: src/components/common/__tests__/OptimizedImage.test.tsx(120,48): error TS2322: Type '{ src: string; alt: string; widths: number[]; className: string; }' is not assignable to type 'IntrinsicAttributes & OptimizedImageProps'.
  Property 'widths' does not exist on type 'IntrinsicAttributes & OptimizedImageProps'. Did you mean 'width'?
Error: src/components/common/__tests__/SafeHTML.test.tsx(4,1): error TS2593: Cannot find name 'describe'. Do you need to install type definitions for a test runner? Try `npm i --save-dev @types/jest` or `npm i --save-dev @types/mocha` and then add 'jest' or 'mocha' to the types field in your tsconfig.
Error: src/components/common/__tests__/SafeHTML.test.tsx(6,3): error TS2593: Cannot find name 'test'. Do you need to install type definitions for a test runner? Try `npm i --save-dev @types/jest` or `npm i --save-dev @types/mocha` and then add 'jest' or 'mocha' to the types field in your tsconfig.
Error: src/components/common/__tests__/SafeHTML.test.tsx(10,5): error TS2304: Cannot find name 'expect'.
Error: src/components/common/__tests__/SafeHTML.test.tsx(14,3): error TS2593: Cannot find name 'test'. Do you need to install type definitions for a test runner? Try `npm i --save-dev @types/jest` or `npm i --save-dev @types/mocha` and then add 'jest' or 'mocha' to the types field in your tsconfig.
Error: src/components/common/__tests__/SafeHTML.test.tsx(18,5): error TS2304: Cannot find name 'expect'.
Error: src/components/common/__tests__/SafeHTML.test.tsx(19,5): error TS2304: Cannot find name 'expect'.
Error: src/components/common/__tests__/SafeHTML.test.tsx(23,3): error TS2593: Cannot find name 'test'. Do you need to install type definitions for a test runner? Try `npm i --save-dev @types/jest` or `npm i --save-dev @types/mocha` and then add 'jest' or 'mocha' to the types field in your tsconfig.
Error: src/components/common/__tests__/SafeHTML.test.tsx(27,5): error TS2304: Cannot find name 'expect'.
Error: src/components/common/__tests__/SafeHTML.test.tsx(28,5): error TS2304: Cannot find name 'expect'.
Error: src/components/common/__tests__/SafeHTML.test.tsx(32,3): error TS2593: Cannot find name 'test'. Do you need to install type definitions for a test runner? Try `npm i --save-dev @types/jest` or `npm i --save-dev @types/mocha` and then add 'jest' or 'mocha' to the types field in your tsconfig.
Error: src/components/common/__tests__/SafeHTML.test.tsx(37,5): error TS2304: Cannot find name 'expect'.
Error: src/components/common/__tests__/SafeHTML.test.tsx(42,3): error TS2593: Cannot find name 'test'. Do you need to install type definitions for a test runner? Try `npm i --save-dev @types/jest` or `npm i --save-dev @types/mocha` and then add 'jest' or 'mocha' to the types field in your tsconfig.
Error: src/components/common/__tests__/SafeHTML.test.tsx(46,5): error TS2304: Cannot find name 'expect'.
Error: src/components/common/__tests__/SafeHTML.test.tsx(47,5): error TS2304: Cannot find name 'expect'.
Error: src/components/common/__tests__/SafeHTML.test.tsx(48,5): error TS2304: Cannot find name 'expect'.
Error: src/components/common/__tests__/SafeHTML.test.tsx(52,3): error TS2593: Cannot find name 'test'. Do you need to install type definitions for a test runner? Try `npm i --save-dev @types/jest` or `npm i --save-dev @types/mocha` and then add 'jest' or 'mocha' to the types field in your tsconfig.
Error: src/components/common/__tests__/SafeHTML.test.tsx(58,5): error TS2304: Cannot find name 'expect'.
Error: src/components/common/__tests__/SafeHTML.test.tsx(62,3): error TS2593: Cannot find name 'test'. Do you need to install type definitions for a test runner? Try `npm i --save-dev @types/jest` or `npm i --save-dev @types/mocha` and then add 'jest' or 'mocha' to the types field in your tsconfig.
Error: src/components/common/__tests__/SafeHTML.test.tsx(67,5): error TS2304: Cannot find name 'expect'.
Error: src/components/common/__tests__/SafeHTML.test.tsx(68,5): error TS2304: Cannot find name 'expect'.
Error: src/components/common/__tests__/SafeHTML.test.tsx(72,3): error TS2593: Cannot find name 'test'. Do you need to install type definitions for a test runner? Try `npm i --save-dev @types/jest` or `npm i --save-dev @types/mocha` and then add 'jest' or 'mocha' to the types field in your tsconfig.
Error: src/components/common/__tests__/SafeHTML.test.tsx(76,5): error TS2304: Cannot find name 'expect'.
Error: src/components/common/__tests__/SafeHTML.test.tsx(77,5): error TS2304: Cannot find name 'expect'.
Error: src/components/common/__tests__/SafeHTML.test.tsx(80,3): error TS2593: Cannot find name 'test'. Do you need to install type definitions for a test runner? Try `npm i --save-dev @types/jest` or `npm i --save-dev @types/mocha` and then add 'jest' or 'mocha' to the types field in your tsconfig.
Error: src/components/common/__tests__/SafeHTML.test.tsx(85,5): error TS2304: Cannot find name 'expect'.
Error: src/components/common/__tests__/Skeleton.test.tsx(6,1): error TS6133: 'React' is declared but its value is never read.
Error: src/hooks/__tests__/useDebounce.test.ts(15,3): error TS2304: Cannot find name 'afterEach'.
Error: src/hooks/__tests__/useLocalStorage.test.ts(41,21): error TS2503: Cannot find namespace 'vi'.
Error: src/hooks/__tests__/useLocalStorage.test.ts(59,21): error TS2503: Cannot find namespace 'vi'.
Error: src/hooks/__tests__/useLocalStorage.test.ts(77,21): error TS2503: Cannot find namespace 'vi'.
Error: src/hooks/__tests__/useLocalStorage.test.ts(94,25): error TS2345: Argument of type '{ b: number; }' is not assignable to parameter of type '{ a: number; } | ((val: { a: number; }) => { a: number; })'.
Error: src/lib/__tests__/toast.test.tsx(6,1): error TS6133: 'React' is declared but its value is never read.
Error: src/lib/__tests__/toast.test.tsx(7,10): error TS6133: 'render' is declared but its value is never read.
Error: src/lib/__tests__/toast.test.tsx(7,18): error TS6133: 'screen' is declared but its value is never read.
Error: src/lib/__tests__/toast.test.tsx(7,26): error TS6133: 'waitFor' is declared but its value is never read.
Error: src/lib/__tests__/toast.test.tsx(9,48): error TS6133: 'afterEach' is declared but its value is never read.
Error: src/lib/utils/__tests__/storage.test.ts(17,7): error TS6133: 'getItemSpy' is declared but its value is never read.
Error: src/lib/utils/__tests__/storage.test.ts(19,7): error TS6133: 'clearSpy' is declared but its value is never read.
Error: src/lib/utils/__tests__/storage.test.ts(124,28): error TS2304: Cannot find name 'global'.
Error: src/lib/utils/__tests__/storage.test.ts(126,27): error TS2304: Cannot find name 'global'.
Error: src/lib/utils/__tests__/storage.test.ts(134,5): error TS2304: Cannot find name 'global'.
Error: src/lib/utils/__tests__/storage.test.ts(139,28): error TS2304: Cannot find name 'global'.
Error: src/lib/utils/__tests__/storage.test.ts(140,27): error TS2304: Cannot find name 'global'.
Error: src/lib/utils/__tests__/storage.test.ts(149,5): error TS2304: Cannot find name 'global'.
Error: src/lib/validation/__tests__/auth.test.ts(51,14): error TS18046: 'error' is of type 'unknown'.
Error: src/lib/validation/__tests__/auth.test.ts(66,14): error TS18046: 'error' is of type 'unknown'.
Error: src/pages/__tests__/AccountPage.test.tsx(7,37): error TS6133: 'waitFor' is declared but its value is never read.
Error: src/pages/__tests__/AccountPage.test.tsx(10,1): error TS6133: 'QueryClientProvider' is declared but its value is never read.
Error: src/pages/__tests__/AccountPage.test.tsx(11,1): error TS6133: 'queryClient' is declared but its value is never read.
Error: src/pages/__tests__/AccountPage.test.tsx(44,17): error TS2503: Cannot find namespace 'vi'.
Error: src/pages/__tests__/AccountPage.test.tsx(53,17): error TS2503: Cannot find namespace 'vi'.
Error: src/pages/__tests__/AuthPage.test.tsx(11,1): error TS6133: 'AuthProvider' is declared but its value is never read.
Error: src/pages/__tests__/AuthPage.test.tsx(12,1): error TS6133: 'QueryClientProvider' is declared but its value is never read.
Error: src/pages/__tests__/AuthPage.test.tsx(13,1): error TS6133: 'queryClient' is declared but its value is never read.
Error: src/pages/__tests__/AuthPage.test.tsx(56,18): error TS2503: Cannot find namespace 'vi'.
Error: src/pages/__tests__/AuthPage.test.tsx(57,21): error TS2503: Cannot find namespace 'vi'.
Error: src/pages/__tests__/AuthPage.test.tsx(58,27): error TS2503: Cannot find namespace 'vi'.
Error: src/pages/__tests__/AuthPage.test.tsx(59,25): error TS2503: Cannot find namespace 'vi'.
Error: src/pages/__tests__/PaymentPage.test.tsx(12,1): error TS6133: 'QueryClientProvider' is declared but its value is never read.
Error: src/pages/__tests__/PaymentPage.test.tsx(13,1): error TS6133: 'queryClient' is declared but its value is never read.
Error: src/pages/__tests__/PaymentPage.test.tsx(66,17): error TS2503: Cannot find namespace 'vi'.
Error: src/pages/__tests__/PaymentPage.test.tsx(67,25): error TS2503: Cannot find namespace 'vi'.
Error: src/pages/__tests__/PaymentPage.test.tsx(71,44): error TS2503: Cannot find namespace 'vi'.
Error: src/pages/__tests__/PaymentPage.test.tsx(72,39): error TS2503: Cannot find namespace 'vi'.
Error: src/pages/__tests__/PaymentPage.test.tsx(73,46): error TS2503: Cannot find namespace 'vi'.
Error: src/pages/__tests__/PaymentPage.test.tsx(82,17): error TS2503: Cannot find namespace 'vi'.
Error: src/pages/__tests__/PaymentPage.test.tsx(88,17): error TS2503: Cannot find namespace 'vi'.
Error: src/pages/__tests__/PaymentPage.test.tsx(89,25): error TS2503: Cannot find namespace 'vi'.
Error: src/pages/__tests__/PaymentPage.test.tsx(105,43): error TS2769: No overload matches this call.
  Overload 1 of 2, '(id: Matcher, options?: SelectorMatcherOptions | undefined): HTMLElement', gave the following error.
    Argument of type '(content: string, element: Element | null) => boolean | undefined' is not assignable to parameter of type 'Matcher'.
      Type '(content: string, element: Element | null) => boolean | undefined' is not assignable to type 'MatcherFunction'.
        Type 'boolean | undefined' is not assignable to type 'boolean'.
          Type 'undefined' is not assignable to type 'boolean'.
  Overload 2 of 2, '(id: Matcher, options?: SelectorMatcherOptions | undefined): HTMLElement', gave the following error.
    Argument of type '(content: string, element: Element | null) => boolean | undefined' is not assignable to parameter of type 'Matcher'.
      Type '(content: string, element: Element | null) => boolean | undefined' is not assignable to type 'MatcherFunction'.
        Type 'boolean | undefined' is not assignable to type 'boolean'.
          Type 'undefined' is not assignable to type 'boolean'.
Error: src/pages/__tests__/PaymentPage.test.tsx(126,46): error TS2503: Cannot find namespace 'vi'.
Error: src/pages/__tests__/PaymentPage.test.tsx(130,41): error TS2503: Cannot find namespace 'vi'.
Error: src/pages/__tests__/PaymentPage.test.tsx(158,46): error TS2503: Cannot find namespace 'vi'.
Error: src/pages/__tests__/PaymentPage.test.tsx(162,41): error TS2503: Cannot find namespace 'vi'.
Error: src/pages/__tests__/PaymentPage.test.tsx(187,48): error TS2503: Cannot find namespace 'vi'.
Error: src/pages/__tests__/PaymentPage.test.tsx(209,48): error TS2503: Cannot find namespace 'vi'.
Error: src/pages/__tests__/PaymentPage.test.tsx(226,44): error TS2503: Cannot find namespace 'vi'.
Error: src/pages/__tests__/PaymentPage.test.tsx(230,39): error TS2503: Cannot find namespace 'vi'.
Error: src/pages/__tests__/SolutionsPage.test.tsx(82,29): error TS2503: Cannot find namespace 'vi'.
Error: src/pages/__tests__/SolutionsPage.test.tsx(85,3): error TS2304: Cannot find name 'afterEach'.
Error: src/services/api/__tests__/client.test.ts(2,59): error TS1484: 'Mock' is a type and must be imported using a type-only import when 'verbatimModuleSyntax' is enabled.
Error: src/services/api/__tests__/client.test.ts(11,5): error TS2304: Cannot find name 'global'.
Error: Process completed with exit code 2.